#
# There is insufficient memory for the Java Runtime Environment to continue.
# Native memory allocation (malloc) failed to allocate 285376 bytes for Chunk::new
# Possible reasons:
#   The system is out of physical RAM or swap space
#   The process is running with CompressedOops enabled, and the Java Heap may be blocking the growth of the native heap
# Possible solutions:
#   Reduce memory load on the system
#   Increase physical memory or swap space
#   Check if swap backing store is full
#   Decrease Java heap size (-Xmx/-Xms)
#   Decrease number of Java threads
#   Decrease Java thread stack sizes (-Xss)
#   Set larger code cache with -XX:ReservedCodeCacheSize=
#   JVM is running with Unscaled Compressed Oops mode in which the Java heap is
#     placed in the first 4GB address space. The Java Heap base address is the
#     maximum limit for the native heap growth. Please use -XX:HeapBaseMinAddress
#     to set the Java Heap base and to place the Java Heap above 4GB virtual address.
# This output file may be truncated or incomplete.
#
#  Out of Memory Error (arena.cpp:189), pid=23328, tid=21092
#
# JRE version: OpenJDK Runtime Environment Temurin-17.0.2+8 (17.0.2+8) (build 17.0.2+8)
# Java VM: OpenJDK 64-Bit Server VM Temurin-17.0.2+8 (17.0.2+8, mixed mode, tiered, compressed oops, compressed class ptrs, g1 gc, windows-amd64)
# No core dump will be written. Minidumps are not enabled by default on client versions of Windows
#

---------------  S U M M A R Y ------------

Command Line: -Dmaven.home=EMBEDDED -Dclassworlds.conf=C:\Users\jcapitan\eclipse-workspace\.metadata\.plugins\org.eclipse.m2e.launching\launches\m2conf1904154261555297946.tmp -Dm2e.workspace.state=C:\Users\jcapitan\eclipse-workspace\.metadata\.plugins\org.eclipse.m2e.core\workspacestate.properties -Dmaven.multiModuleProjectDirectory=C:\Users\jcapitan\eclipse-workspace\ivn-back -Dfile.encoding=Cp1252 -XX:+ShowCodeDetailsInExceptionMessages org.codehaus.plexus.classworlds.launcher.Launcher -Ddebug=53418 -B compile quarkus:dev

Host: Intel(R) Core(TM) i5-8350U CPU @ 1.70GHz, 8 cores, 7G,  Windows 10 , 64 bit Build 19041 (10.0.19041.1645)
Time: Tue May 10 12:09:27 2022 Hora de verano romance elapsed time: 13.170513 seconds (0d 0h 0m 13s)

---------------  T H R E A D  ---------------

Current thread (0x000002964a8e32b0):  JavaThread "C2 CompilerThread0" daemon [_thread_in_native, id=21092, stack(0x000000cc7e600000,0x000000cc7e700000)]


Current CompileTask:
C2:  13170 5980       4       java.util.zip.ZipFile$Source::initCEN (591 bytes)

Stack: [0x000000cc7e600000,0x000000cc7e700000]
Native frames: (J=compiled Java code, j=interpreted, Vv=VM code, C=native code)
V  [jvm.dll+0x67564a]
V  [jvm.dll+0x82fc04]
V  [jvm.dll+0x8313ae]
V  [jvm.dll+0x831a13]
V  [jvm.dll+0x245235]
V  [jvm.dll+0xabd7b]
V  [jvm.dll+0xac30c]
V  [jvm.dll+0x2ac33f]
V  [jvm.dll+0x57c559]
V  [jvm.dll+0x2202ed]
V  [jvm.dll+0x21978f]
V  [jvm.dll+0x2173eb]
V  [jvm.dll+0x1a3a8d]
V  [jvm.dll+0x226ef8]
V  [jvm.dll+0x22503c]
V  [jvm.dll+0x7e596b]
V  [jvm.dll+0x7dff2a]
V  [jvm.dll+0x6744d5]
C  [ucrtbase.dll+0x21bb2]
C  [KERNEL32.DLL+0x17034]
C  [ntdll.dll+0x52651]


---------------  P R O C E S S  ---------------

Threads class SMR info:
_java_thread_list=0x000002964fc45400, length=13, elements={
0x000002962ff23ad0, 0x000002964a852eb0, 0x000002964a853d20, 0x000002964a8a5840,
0x000002964a8d5020, 0x000002964a8d58e0, 0x000002964a8d96a0, 0x000002964a8e32b0,
0x000002964a8e3ca0, 0x000002964a8e66a0, 0x00000296475273c0, 0x000002964aa5c480,
0x000002964fc3b6b0
}

Java Threads: ( => current thread )
  0x000002962ff23ad0 JavaThread "main" [_thread_in_native, id=16148, stack(0x000000cc7d900000,0x000000cc7da00000)]
  0x000002964a852eb0 JavaThread "Reference Handler" daemon [_thread_blocked, id=17792, stack(0x000000cc7e000000,0x000000cc7e100000)]
  0x000002964a853d20 JavaThread "Finalizer" daemon [_thread_blocked, id=16664, stack(0x000000cc7e100000,0x000000cc7e200000)]
  0x000002964a8a5840 JavaThread "Signal Dispatcher" daemon [_thread_blocked, id=21392, stack(0x000000cc7e200000,0x000000cc7e300000)]
  0x000002964a8d5020 JavaThread "Attach Listener" daemon [_thread_blocked, id=19192, stack(0x000000cc7e300000,0x000000cc7e400000)]
  0x000002964a8d58e0 JavaThread "Service Thread" daemon [_thread_blocked, id=5208, stack(0x000000cc7e400000,0x000000cc7e500000)]
  0x000002964a8d96a0 JavaThread "Monitor Deflation Thread" daemon [_thread_blocked, id=24872, stack(0x000000cc7e500000,0x000000cc7e600000)]
=>0x000002964a8e32b0 JavaThread "C2 CompilerThread0" daemon [_thread_in_native, id=21092, stack(0x000000cc7e600000,0x000000cc7e700000)]
  0x000002964a8e3ca0 JavaThread "C1 CompilerThread0" daemon [_thread_blocked, id=22016, stack(0x000000cc7e700000,0x000000cc7e800000)]
  0x000002964a8e66a0 JavaThread "Sweeper thread" daemon [_thread_blocked, id=25492, stack(0x000000cc7e800000,0x000000cc7e900000)]
  0x00000296475273c0 JavaThread "Notification Thread" daemon [_thread_blocked, id=11460, stack(0x000000cc7e900000,0x000000cc7ea00000)]
  0x000002964aa5c480 JavaThread "Common-Cleaner" daemon [_thread_blocked, id=15388, stack(0x000000cc7eb00000,0x000000cc7ec00000)]
  0x000002964fc3b6b0 JavaThread "C2 CompilerThread1" daemon [_thread_in_native, id=14784, stack(0x000000cc7ec00000,0x000000cc7ed00000)]

Other Threads:
  0x000002964a84e800 VMThread "VM Thread" [stack: 0x000000cc7df00000,0x000000cc7e000000] [id=6632]
  0x0000029647342760 WatcherThread [stack: 0x000000cc7ea00000,0x000000cc7eb00000] [id=26620]
  0x000002962ff5fed0 GCTaskThread "GC Thread#0" [stack: 0x000000cc7da00000,0x000000cc7db00000] [id=13792]
  0x000002964bf3dcc0 GCTaskThread "GC Thread#1" [stack: 0x000000cc7ee00000,0x000000cc7ef00000] [id=14528]
  0x000002964bf3df70 GCTaskThread "GC Thread#2" [stack: 0x000000cc7ef00000,0x000000cc7f000000] [id=24104]
  0x000002964c4bf830 GCTaskThread "GC Thread#3" [stack: 0x000000cc7f000000,0x000000cc7f100000] [id=23952]
  0x000002964c4bfae0 GCTaskThread "GC Thread#4" [stack: 0x000000cc7f100000,0x000000cc7f200000] [id=21424]
  0x000002964c130920 GCTaskThread "GC Thread#5" [stack: 0x000000cc7f200000,0x000000cc7f300000] [id=16164]
  0x000002964c1311e0 GCTaskThread "GC Thread#6" [stack: 0x000000cc7f300000,0x000000cc7f400000] [id=19908]
  0x000002964c3fdd70 GCTaskThread "GC Thread#7" [stack: 0x000000cc7f400000,0x000000cc7f500000] [id=25560]
  0x00000296473343e0 ConcurrentGCThread "G1 Main Marker" [stack: 0x000000cc7db00000,0x000000cc7dc00000] [id=12808]
  0x000002962ff6d210 ConcurrentGCThread "G1 Conc#0" [stack: 0x000000cc7dc00000,0x000000cc7dd00000] [id=23752]
  0x000002964c4f36d0 ConcurrentGCThread "G1 Conc#1" [stack: 0x000000cc7ed00000,0x000000cc7ee00000] [id=3536]
  0x00000296473e94d0 ConcurrentGCThread "G1 Refine#0" [stack: 0x000000cc7dd00000,0x000000cc7de00000] [id=17232]
  0x000002964c344d90 ConcurrentGCThread "G1 Refine#1" [stack: 0x000000cc7f500000,0x000000cc7f600000] [id=18472]
  0x000002964eb844d0 ConcurrentGCThread "G1 Refine#2" [stack: 0x000000cc7f600000,0x000000cc7f700000] [id=5508]
  0x000002964c11ef30 ConcurrentGCThread "G1 Refine#3" [stack: 0x000000cc7f700000,0x000000cc7f800000] [id=4420]
  0x000002964afa27d0 ConcurrentGCThread "G1 Refine#4" [stack: 0x000000cc7f800000,0x000000cc7f900000] [id=18200]
  0x000002964c7bac90 ConcurrentGCThread "G1 Refine#5" [stack: 0x000000cc7f900000,0x000000cc7fa00000] [id=7416]
  0x000002964c49f640 ConcurrentGCThread "G1 Refine#6" [stack: 0x000000cc7fa00000,0x000000cc7fb00000] [id=24656]
  0x00000296473e9ef0 ConcurrentGCThread "G1 Service" [stack: 0x000000cc7de00000,0x000000cc7df00000] [id=14468]

Threads with active compile tasks:
C2 CompilerThread0    13685 5980       4       java.util.zip.ZipFile$Source::initCEN (591 bytes)
C2 CompilerThread1    13685 6185   !   4       java.util.zip.InflaterInputStream::read (138 bytes)

VM state: not at safepoint (normal execution)

VM Mutex/Monitor currently owned by a thread: None

Heap address: 0x0000000082600000, size: 2010 MB, Compressed Oops mode: 32-bit

CDS archive(s) not mapped
Compressed class space mapped at: 0x0000000100000000-0x0000000140000000, reserved size: 1073741824
Narrow klass base: 0x0000000000000000, Narrow klass shift: 3, Narrow klass range: 0x140000000

GC Precious Log:
 CPUs: 8 total, 8 available
 Memory: 8035M
 Large Page Support: Disabled
 NUMA Support: Disabled
 Compressed Oops: Enabled (32-bit)
 Heap Region Size: 1M
 Heap Min Capacity: 8M
 Heap Initial Capacity: 126M
 Heap Max Capacity: 2010M
 Pre-touch: Disabled
 Parallel Workers: 8
 Concurrent Workers: 2
 Concurrent Refinement Workers: 8
 Periodic GC: Disabled

Heap:
 garbage-first heap   total 229376K, used 139746K [0x0000000082600000, 0x0000000100000000)
  region size 1024K, 10 young (10240K), 6 survivors (6144K)
 Metaspace       used 33804K, committed 34112K, reserved 1081344K
  class space    used 3529K, committed 3712K, reserved 1048576K

Heap Regions: E=young(eden), S=young(survivor), O=old, HS=humongous(starts), HC=humongous(continues), CS=collection set, F=free, OA=open archive, CA=closed archive, TAMS=top-at-mark-start (previous, next)
|   0|0x0000000082600000, 0x0000000082700000, 0x0000000082700000|100%| O|  |TAMS 0x0000000082700000, 0x0000000082600000| Untracked 
|   1|0x0000000082700000, 0x0000000082800000, 0x0000000082800000|100%| O|  |TAMS 0x0000000082800000, 0x0000000082700000| Untracked 
|   2|0x0000000082800000, 0x0000000082900000, 0x0000000082900000|100%| O|  |TAMS 0x0000000082900000, 0x0000000082800000| Untracked 
|   3|0x0000000082900000, 0x0000000082a00000, 0x0000000082a00000|100%| O|  |TAMS 0x0000000082a00000, 0x0000000082900000| Untracked 
|   4|0x0000000082a00000, 0x0000000082b00000, 0x0000000082b00000|100%| O|  |TAMS 0x0000000082b00000, 0x0000000082a00000| Untracked 
|   5|0x0000000082b00000, 0x0000000082c00000, 0x0000000082c00000|100%| O|  |TAMS 0x0000000082c00000, 0x0000000082b00000| Untracked 
|   6|0x0000000082c00000, 0x0000000082d00000, 0x0000000082d00000|100%| O|  |TAMS 0x0000000082d00000, 0x0000000082c00000| Untracked 
|   7|0x0000000082d00000, 0x0000000082e00000, 0x0000000082e00000|100%| O|  |TAMS 0x0000000082e00000, 0x0000000082d00000| Untracked 
|   8|0x0000000082e00000, 0x0000000082f00000, 0x0000000082f00000|100%| O|  |TAMS 0x0000000082f00000, 0x0000000082e00000| Untracked 
|   9|0x0000000082f00000, 0x0000000083000000, 0x0000000083000000|100%| O|  |TAMS 0x0000000083000000, 0x0000000082f00000| Untracked 
|  10|0x0000000083000000, 0x0000000083100000, 0x0000000083100000|100%| O|  |TAMS 0x0000000083100000, 0x0000000083000000| Untracked 
|  11|0x0000000083100000, 0x0000000083200000, 0x0000000083200000|100%| O|  |TAMS 0x0000000083200000, 0x0000000083100000| Untracked 
|  12|0x0000000083200000, 0x00000000832b4800, 0x0000000083300000| 70%| O|  |TAMS 0x00000000832b4800, 0x0000000083200000| Untracked 
|  13|0x0000000083300000, 0x0000000083400000, 0x0000000083400000|100%| O|  |TAMS 0x0000000083400000, 0x0000000083300000| Untracked 
|  14|0x0000000083400000, 0x0000000083500000, 0x0000000083500000|100%| O|  |TAMS 0x0000000083500000, 0x0000000083400000| Untracked 
|  15|0x0000000083500000, 0x0000000083600000, 0x0000000083600000|100%| O|  |TAMS 0x0000000083600000, 0x0000000083500000| Untracked 
|  16|0x0000000083600000, 0x0000000083700000, 0x0000000083700000|100%| O|  |TAMS 0x0000000083700000, 0x0000000083600000| Untracked 
|  17|0x0000000083700000, 0x0000000083800000, 0x0000000083800000|100%| O|  |TAMS 0x0000000083800000, 0x0000000083700000| Untracked 
|  18|0x0000000083800000, 0x0000000083900000, 0x0000000083900000|100%| O|  |TAMS 0x0000000083900000, 0x0000000083800000| Untracked 
|  19|0x0000000083900000, 0x0000000083a00000, 0x0000000083a00000|100%|HS|  |TAMS 0x0000000083900000, 0x0000000083900000| Complete 
|  20|0x0000000083a00000, 0x0000000083b00000, 0x0000000083b00000|100%| O|  |TAMS 0x0000000083b00000, 0x0000000083a00000| Untracked 
|  21|0x0000000083b00000, 0x0000000083c00000, 0x0000000083c00000|100%| O|  |TAMS 0x0000000083c00000, 0x0000000083b00000| Untracked 
|  22|0x0000000083c00000, 0x0000000083d00000, 0x0000000083d00000|100%| O|  |TAMS 0x0000000083d00000, 0x0000000083c00000| Untracked 
|  23|0x0000000083d00000, 0x0000000083e00000, 0x0000000083e00000|100%| O|  |TAMS 0x0000000083e00000, 0x0000000083d00000| Untracked 
|  24|0x0000000083e00000, 0x0000000083f00000, 0x0000000083f00000|100%| O|  |TAMS 0x0000000083f00000, 0x0000000083e00000| Untracked 
|  25|0x0000000083f00000, 0x0000000084000000, 0x0000000084000000|100%| O|  |TAMS 0x0000000084000000, 0x0000000083f00000| Untracked 
|  26|0x0000000084000000, 0x0000000084100000, 0x0000000084100000|100%| O|  |TAMS 0x0000000084100000, 0x0000000084000000| Untracked 
|  27|0x0000000084100000, 0x0000000084200000, 0x0000000084200000|100%| O|  |TAMS 0x0000000084200000, 0x0000000084100000| Untracked 
|  28|0x0000000084200000, 0x0000000084300000, 0x0000000084300000|100%| O|  |TAMS 0x0000000084300000, 0x0000000084200000| Untracked 
|  29|0x0000000084300000, 0x0000000084400000, 0x0000000084400000|100%| O|  |TAMS 0x0000000084400000, 0x0000000084300000| Complete 
|  30|0x0000000084400000, 0x0000000084500000, 0x0000000084500000|100%| O|  |TAMS 0x0000000084500000, 0x0000000084400000| Untracked 
|  31|0x0000000084500000, 0x0000000084600000, 0x0000000084600000|100%| O|  |TAMS 0x0000000084600000, 0x0000000084500000| Untracked 
|  32|0x0000000084600000, 0x0000000084700000, 0x0000000084700000|100%| O|  |TAMS 0x0000000084700000, 0x0000000084600000| Untracked 
|  33|0x0000000084700000, 0x0000000084800000, 0x0000000084800000|100%| O|  |TAMS 0x0000000084800000, 0x0000000084700000| Untracked 
|  34|0x0000000084800000, 0x0000000084900000, 0x0000000084900000|100%| O|  |TAMS 0x0000000084900000, 0x0000000084800000| Untracked 
|  35|0x0000000084900000, 0x0000000084a00000, 0x0000000084a00000|100%| O|  |TAMS 0x0000000084a00000, 0x0000000084900000| Untracked 
|  36|0x0000000084a00000, 0x0000000084b00000, 0x0000000084b00000|100%| O|  |TAMS 0x0000000084b00000, 0x0000000084a00000| Untracked 
|  37|0x0000000084b00000, 0x0000000084c00000, 0x0000000084c00000|100%| O|  |TAMS 0x0000000084c00000, 0x0000000084b00000| Untracked 
|  38|0x0000000084c00000, 0x0000000084d00000, 0x0000000084d00000|100%| O|  |TAMS 0x0000000084d00000, 0x0000000084c00000| Untracked 
|  39|0x0000000084d00000, 0x0000000084e00000, 0x0000000084e00000|100%| O|  |TAMS 0x0000000084e00000, 0x0000000084d00000| Untracked 
|  40|0x0000000084e00000, 0x0000000084f00000, 0x0000000084f00000|100%| O|  |TAMS 0x0000000084f00000, 0x0000000084e00000| Untracked 
|  41|0x0000000084f00000, 0x0000000085000000, 0x0000000085000000|100%| O|  |TAMS 0x0000000085000000, 0x0000000084f00000| Untracked 
|  42|0x0000000085000000, 0x0000000085100000, 0x0000000085100000|100%| O|  |TAMS 0x0000000085100000, 0x0000000085000000| Untracked 
|  43|0x0000000085100000, 0x0000000085200000, 0x0000000085200000|100%| O|  |TAMS 0x0000000085200000, 0x0000000085100000| Untracked 
|  44|0x0000000085200000, 0x0000000085300000, 0x0000000085300000|100%| O|  |TAMS 0x0000000085300000, 0x0000000085200000| Untracked 
|  45|0x0000000085300000, 0x0000000085400000, 0x0000000085400000|100%| O|  |TAMS 0x0000000085400000, 0x0000000085300000| Untracked 
|  46|0x0000000085400000, 0x0000000085500000, 0x0000000085500000|100%| O|  |TAMS 0x0000000085500000, 0x0000000085400000| Untracked 
|  47|0x0000000085500000, 0x0000000085600000, 0x0000000085600000|100%| O|  |TAMS 0x0000000085600000, 0x0000000085500000| Untracked 
|  48|0x0000000085600000, 0x0000000085700000, 0x0000000085700000|100%| O|  |TAMS 0x0000000085700000, 0x0000000085600000| Untracked 
|  49|0x0000000085700000, 0x0000000085800000, 0x0000000085800000|100%| O|  |TAMS 0x0000000085800000, 0x0000000085700000| Untracked 
|  50|0x0000000085800000, 0x0000000085900000, 0x0000000085900000|100%| O|  |TAMS 0x0000000085900000, 0x0000000085800000| Untracked 
|  51|0x0000000085900000, 0x0000000085a00000, 0x0000000085a00000|100%| O|  |TAMS 0x0000000085a00000, 0x0000000085900000| Untracked 
|  52|0x0000000085a00000, 0x0000000085b00000, 0x0000000085b00000|100%| O|  |TAMS 0x0000000085b00000, 0x0000000085a00000| Untracked 
|  53|0x0000000085b00000, 0x0000000085c00000, 0x0000000085c00000|100%| O|  |TAMS 0x0000000085c00000, 0x0000000085b00000| Untracked 
|  54|0x0000000085c00000, 0x0000000085d00000, 0x0000000085d00000|100%| O|  |TAMS 0x0000000085d00000, 0x0000000085c00000| Untracked 
|  55|0x0000000085d00000, 0x0000000085e00000, 0x0000000085e00000|100%| O|  |TAMS 0x0000000085e00000, 0x0000000085d00000| Untracked 
|  56|0x0000000085e00000, 0x0000000085f00000, 0x0000000085f00000|100%| O|  |TAMS 0x0000000085f00000, 0x0000000085e00000| Untracked 
|  57|0x0000000085f00000, 0x0000000085f00000, 0x0000000086000000|  0%| F|  |TAMS 0x0000000085f00000, 0x0000000085f00000| Untracked 
|  58|0x0000000086000000, 0x0000000086100000, 0x0000000086100000|100%| O|  |TAMS 0x0000000086100000, 0x0000000086000000| Untracked 
|  59|0x0000000086100000, 0x0000000086200000, 0x0000000086200000|100%| O|  |TAMS 0x0000000086200000, 0x0000000086100000| Untracked 
|  60|0x0000000086200000, 0x0000000086300000, 0x0000000086300000|100%| O|  |TAMS 0x0000000086300000, 0x0000000086200000| Untracked 
|  61|0x0000000086300000, 0x0000000086400000, 0x0000000086400000|100%| O|  |TAMS 0x0000000086400000, 0x0000000086300000| Untracked 
|  62|0x0000000086400000, 0x0000000086500000, 0x0000000086500000|100%| O|  |TAMS 0x0000000086500000, 0x0000000086400000| Untracked 
|  63|0x0000000086500000, 0x0000000086600000, 0x0000000086600000|100%| O|  |TAMS 0x0000000086600000, 0x0000000086500000| Untracked 
|  64|0x0000000086600000, 0x0000000086700000, 0x0000000086700000|100%| O|  |TAMS 0x0000000086700000, 0x0000000086600000| Untracked 
|  65|0x0000000086700000, 0x0000000086800000, 0x0000000086800000|100%| O|  |TAMS 0x0000000086800000, 0x0000000086700000| Untracked 
|  66|0x0000000086800000, 0x0000000086900000, 0x0000000086900000|100%| O|  |TAMS 0x0000000086900000, 0x0000000086800000| Untracked 
|  67|0x0000000086900000, 0x0000000086a00000, 0x0000000086a00000|100%| O|  |TAMS 0x0000000086a00000, 0x0000000086900000| Untracked 
|  68|0x0000000086a00000, 0x0000000086b00000, 0x0000000086b00000|100%| O|  |TAMS 0x0000000086b00000, 0x0000000086a00000| Untracked 
|  69|0x0000000086b00000, 0x0000000086c00000, 0x0000000086c00000|100%| O|  |TAMS 0x0000000086c00000, 0x0000000086b00000| Untracked 
|  70|0x0000000086c00000, 0x0000000086d00000, 0x0000000086d00000|100%| O|  |TAMS 0x0000000086d00000, 0x0000000086c00000| Untracked 
|  71|0x0000000086d00000, 0x0000000086e00000, 0x0000000086e00000|100%| O|  |TAMS 0x0000000086e00000, 0x0000000086d00000| Complete 
|  72|0x0000000086e00000, 0x0000000086f00000, 0x0000000086f00000|100%| O|  |TAMS 0x0000000086f00000, 0x0000000086e00000| Untracked 
|  73|0x0000000086f00000, 0x0000000087000000, 0x0000000087000000|100%| O|  |TAMS 0x0000000087000000, 0x0000000086f00000| Untracked 
|  74|0x0000000087000000, 0x0000000087100000, 0x0000000087100000|100%|HS|  |TAMS 0x0000000087100000, 0x0000000087000000| Complete 
|  75|0x0000000087100000, 0x0000000087200000, 0x0000000087200000|100%| O|  |TAMS 0x0000000087200000, 0x0000000087100000| Untracked 
|  76|0x0000000087200000, 0x0000000087300000, 0x0000000087300000|100%| O|  |TAMS 0x0000000087300000, 0x0000000087200000| Untracked 
|  77|0x0000000087300000, 0x0000000087400000, 0x0000000087400000|100%| O|  |TAMS 0x0000000087400000, 0x0000000087300000| Untracked 
|  78|0x0000000087400000, 0x0000000087500000, 0x0000000087500000|100%| O|  |TAMS 0x0000000087500000, 0x0000000087400000| Untracked 
|  79|0x0000000087500000, 0x0000000087600000, 0x0000000087600000|100%| O|  |TAMS 0x0000000087600000, 0x0000000087500000| Untracked 
|  80|0x0000000087600000, 0x0000000087700000, 0x0000000087700000|100%| O|  |TAMS 0x0000000087700000, 0x0000000087600000| Untracked 
|  81|0x0000000087700000, 0x0000000087800000, 0x0000000087800000|100%| O|  |TAMS 0x0000000087800000, 0x0000000087700000| Untracked 
|  82|0x0000000087800000, 0x0000000087900000, 0x0000000087900000|100%| O|  |TAMS 0x0000000087900000, 0x0000000087800000| Untracked 
|  83|0x0000000087900000, 0x0000000087a00000, 0x0000000087a00000|100%| O|  |TAMS 0x0000000087a00000, 0x0000000087900000| Untracked 
|  84|0x0000000087a00000, 0x0000000087b00000, 0x0000000087b00000|100%| O|  |TAMS 0x0000000087b00000, 0x0000000087a00000| Untracked 
|  85|0x0000000087b00000, 0x0000000087c00000, 0x0000000087c00000|100%| O|  |TAMS 0x0000000087b00000, 0x0000000087b00000| Untracked 
|  86|0x0000000087c00000, 0x0000000087d00000, 0x0000000087d00000|100%| O|  |TAMS 0x0000000087d00000, 0x0000000087c00000| Untracked 
|  87|0x0000000087d00000, 0x0000000087e00000, 0x0000000087e00000|100%| O|  |TAMS 0x0000000087e00000, 0x0000000087d00000| Untracked 
|  88|0x0000000087e00000, 0x0000000087f00000, 0x0000000087f00000|100%| O|  |TAMS 0x0000000087f00000, 0x0000000087e00000| Untracked 
|  89|0x0000000087f00000, 0x0000000088000000, 0x0000000088000000|100%| O|  |TAMS 0x0000000088000000, 0x0000000087f00000| Untracked 
|  90|0x0000000088000000, 0x0000000088100000, 0x0000000088100000|100%| O|  |TAMS 0x0000000088100000, 0x0000000088000000| Untracked 
|  91|0x0000000088100000, 0x0000000088200000, 0x0000000088200000|100%| O|  |TAMS 0x0000000088200000, 0x0000000088100000| Untracked 
|  92|0x0000000088200000, 0x0000000088300000, 0x0000000088300000|100%| O|  |TAMS 0x0000000088300000, 0x0000000088200000| Untracked 
|  93|0x0000000088300000, 0x0000000088400000, 0x0000000088400000|100%| O|  |TAMS 0x0000000088400000, 0x0000000088300000| Untracked 
|  94|0x0000000088400000, 0x0000000088500000, 0x0000000088500000|100%|HS|  |TAMS 0x0000000088500000, 0x0000000088400000| Complete 
|  95|0x0000000088500000, 0x0000000088600000, 0x0000000088600000|100%|HC|  |TAMS 0x0000000088600000, 0x0000000088500000| Complete 
|  96|0x0000000088600000, 0x0000000088700000, 0x0000000088700000|100%| O|  |TAMS 0x0000000088700000, 0x0000000088600000| Untracked 
|  97|0x0000000088700000, 0x0000000088800000, 0x0000000088800000|100%| O|  |TAMS 0x0000000088800000, 0x0000000088700000| Untracked 
|  98|0x0000000088800000, 0x0000000088900000, 0x0000000088900000|100%| O|  |TAMS 0x0000000088900000, 0x0000000088800000| Untracked 
|  99|0x0000000088900000, 0x0000000088a00000, 0x0000000088a00000|100%| O|  |TAMS 0x0000000088a00000, 0x0000000088900000| Untracked 
| 100|0x0000000088a00000, 0x0000000088b00000, 0x0000000088b00000|100%| O|  |TAMS 0x0000000088b00000, 0x0000000088a00000| Untracked 
| 101|0x0000000088b00000, 0x0000000088c00000, 0x0000000088c00000|100%| O|  |TAMS 0x0000000088c00000, 0x0000000088b00000| Untracked 
| 102|0x0000000088c00000, 0x0000000088d00000, 0x0000000088d00000|100%| O|  |TAMS 0x0000000088d00000, 0x0000000088c00000| Complete 
| 103|0x0000000088d00000, 0x0000000088e00000, 0x0000000088e00000|100%| O|  |TAMS 0x0000000088e00000, 0x0000000088d00000| Untracked 
| 104|0x0000000088e00000, 0x0000000088f00000, 0x0000000088f00000|100%| O|  |TAMS 0x0000000088f00000, 0x0000000088e00000| Untracked 
| 105|0x0000000088f00000, 0x0000000089000000, 0x0000000089000000|100%| O|  |TAMS 0x0000000089000000, 0x0000000088f00000| Untracked 
| 106|0x0000000089000000, 0x0000000089100000, 0x0000000089100000|100%| O|  |TAMS 0x0000000089100000, 0x0000000089000000| Untracked 
| 107|0x0000000089100000, 0x0000000089200000, 0x0000000089200000|100%| O|  |TAMS 0x0000000089200000, 0x0000000089100000| Untracked 
| 108|0x0000000089200000, 0x0000000089300000, 0x0000000089300000|100%| O|  |TAMS 0x0000000089300000, 0x0000000089200000| Untracked 
| 109|0x0000000089300000, 0x0000000089400000, 0x0000000089400000|100%| O|  |TAMS 0x0000000089400000, 0x0000000089300000| Untracked 
| 110|0x0000000089400000, 0x0000000089500000, 0x0000000089500000|100%| O|  |TAMS 0x0000000089500000, 0x0000000089400000| Untracked 
| 111|0x0000000089500000, 0x0000000089600000, 0x0000000089600000|100%| O|  |TAMS 0x0000000089600000, 0x0000000089500000| Untracked 
| 112|0x0000000089600000, 0x0000000089700000, 0x0000000089700000|100%| O|  |TAMS 0x0000000089700000, 0x0000000089600000| Untracked 
| 113|0x0000000089700000, 0x0000000089800000, 0x0000000089800000|100%| O|  |TAMS 0x0000000089800000, 0x0000000089700000| Untracked 
| 114|0x0000000089800000, 0x0000000089900000, 0x0000000089900000|100%|HS|  |TAMS 0x0000000089900000, 0x0000000089800000| Complete 
| 115|0x0000000089900000, 0x0000000089a00000, 0x0000000089a00000|100%|HS|  |TAMS 0x0000000089900000, 0x0000000089900000| Complete 
| 116|0x0000000089a00000, 0x0000000089b00000, 0x0000000089b00000|100%|HC|  |TAMS 0x0000000089a00000, 0x0000000089a00000| Complete 
| 117|0x0000000089b00000, 0x0000000089c00000, 0x0000000089c00000|100%| O|  |TAMS 0x0000000089c00000, 0x0000000089b00000| Untracked 
| 118|0x0000000089c00000, 0x0000000089d00000, 0x0000000089d00000|100%| O|  |TAMS 0x0000000089d00000, 0x0000000089c00000| Untracked 
| 119|0x0000000089d00000, 0x0000000089e00000, 0x0000000089e00000|100%| O|  |TAMS 0x0000000089e00000, 0x0000000089d00000| Untracked 
| 120|0x0000000089e00000, 0x0000000089f00000, 0x0000000089f00000|100%| O|  |TAMS 0x0000000089ee4c00, 0x0000000089e00000| Untracked 
| 121|0x0000000089f00000, 0x000000008a000000, 0x000000008a000000|100%|HS|  |TAMS 0x0000000089f00000, 0x0000000089f00000| Complete 
| 122|0x000000008a000000, 0x000000008a100000, 0x000000008a100000|100%|HC|  |TAMS 0x000000008a000000, 0x000000008a000000| Complete 
| 123|0x000000008a100000, 0x000000008a200000, 0x000000008a200000|100%|HS|  |TAMS 0x000000008a100000, 0x000000008a100000| Complete 
| 124|0x000000008a200000, 0x000000008a300000, 0x000000008a300000|100%|HC|  |TAMS 0x000000008a200000, 0x000000008a200000| Complete 
| 125|0x000000008a300000, 0x000000008a400000, 0x000000008a400000|100%|HS|  |TAMS 0x000000008a300000, 0x000000008a300000| Complete 
| 126|0x000000008a400000, 0x000000008a500000, 0x000000008a500000|100%|HC|  |TAMS 0x000000008a400000, 0x000000008a400000| Complete 
| 127|0x000000008a500000, 0x000000008a600000, 0x000000008a600000|100%| O|  |TAMS 0x000000008a500000, 0x000000008a500000| Untracked 
| 128|0x000000008a600000, 0x000000008a6c4200, 0x000000008a700000| 76%| O|  |TAMS 0x000000008a600000, 0x000000008a600000| Untracked 
| 129|0x000000008a700000, 0x000000008a700000, 0x000000008a800000|  0%| F|  |TAMS 0x000000008a700000, 0x000000008a700000| Untracked 
| 130|0x000000008a800000, 0x000000008a800000, 0x000000008a900000|  0%| F|  |TAMS 0x000000008a800000, 0x000000008a800000| Untracked 
| 131|0x000000008a900000, 0x000000008a900000, 0x000000008aa00000|  0%| F|  |TAMS 0x000000008a900000, 0x000000008a900000| Untracked 
| 132|0x000000008aa00000, 0x000000008aa00000, 0x000000008ab00000|  0%| F|  |TAMS 0x000000008aa00000, 0x000000008aa00000| Untracked 
| 133|0x000000008ab00000, 0x000000008ab00000, 0x000000008ac00000|  0%| F|  |TAMS 0x000000008ab00000, 0x000000008ab00000| Untracked 
| 134|0x000000008ac00000, 0x000000008ac00000, 0x000000008ad00000|  0%| F|  |TAMS 0x000000008ac00000, 0x000000008ac00000| Untracked 
| 135|0x000000008ad00000, 0x000000008ad00000, 0x000000008ae00000|  0%| F|  |TAMS 0x000000008ad00000, 0x000000008ad00000| Untracked 
| 136|0x000000008ae00000, 0x000000008ae00000, 0x000000008af00000|  0%| F|  |TAMS 0x000000008ae00000, 0x000000008ae00000| Untracked 
| 137|0x000000008af00000, 0x000000008af00000, 0x000000008b000000|  0%| F|  |TAMS 0x000000008af00000, 0x000000008af00000| Untracked 
| 138|0x000000008b000000, 0x000000008b000000, 0x000000008b100000|  0%| F|  |TAMS 0x000000008b000000, 0x000000008b000000| Untracked 
| 139|0x000000008b100000, 0x000000008b100000, 0x000000008b200000|  0%| F|  |TAMS 0x000000008b100000, 0x000000008b100000| Untracked 
| 140|0x000000008b200000, 0x000000008b200000, 0x000000008b300000|  0%| F|  |TAMS 0x000000008b200000, 0x000000008b200000| Untracked 
| 141|0x000000008b300000, 0x000000008b300000, 0x000000008b400000|  0%| F|  |TAMS 0x000000008b300000, 0x000000008b300000| Untracked 
| 142|0x000000008b400000, 0x000000008b400000, 0x000000008b500000|  0%| F|  |TAMS 0x000000008b400000, 0x000000008b400000| Untracked 
| 143|0x000000008b500000, 0x000000008b500000, 0x000000008b600000|  0%| F|  |TAMS 0x000000008b500000, 0x000000008b500000| Untracked 
| 144|0x000000008b600000, 0x000000008b600000, 0x000000008b700000|  0%| F|  |TAMS 0x000000008b600000, 0x000000008b600000| Untracked 
| 145|0x000000008b700000, 0x000000008b700000, 0x000000008b800000|  0%| F|  |TAMS 0x000000008b700000, 0x000000008b700000| Untracked 
| 146|0x000000008b800000, 0x000000008b800000, 0x000000008b900000|  0%| F|  |TAMS 0x000000008b800000, 0x000000008b800000| Untracked 
| 147|0x000000008b900000, 0x000000008b900000, 0x000000008ba00000|  0%| F|  |TAMS 0x000000008b900000, 0x000000008b900000| Untracked 
| 148|0x000000008ba00000, 0x000000008ba00000, 0x000000008bb00000|  0%| F|  |TAMS 0x000000008ba00000, 0x000000008ba00000| Untracked 
| 149|0x000000008bb00000, 0x000000008bb00000, 0x000000008bc00000|  0%| F|  |TAMS 0x000000008bb00000, 0x000000008bb00000| Untracked 
| 150|0x000000008bc00000, 0x000000008bc00000, 0x000000008bd00000|  0%| F|  |TAMS 0x000000008bc00000, 0x000000008bc00000| Untracked 
| 151|0x000000008bd00000, 0x000000008bd00000, 0x000000008be00000|  0%| F|  |TAMS 0x000000008bd00000, 0x000000008bd00000| Untracked 
| 152|0x000000008be00000, 0x000000008be00000, 0x000000008bf00000|  0%| F|  |TAMS 0x000000008be00000, 0x000000008be00000| Untracked 
| 153|0x000000008bf00000, 0x000000008bf00000, 0x000000008c000000|  0%| F|  |TAMS 0x000000008bf00000, 0x000000008bf00000| Untracked 
| 154|0x000000008c000000, 0x000000008c000000, 0x000000008c100000|  0%| F|  |TAMS 0x000000008c000000, 0x000000008c000000| Untracked 
| 155|0x000000008c100000, 0x000000008c100000, 0x000000008c200000|  0%| F|  |TAMS 0x000000008c100000, 0x000000008c100000| Untracked 
| 156|0x000000008c200000, 0x000000008c200000, 0x000000008c300000|  0%| F|  |TAMS 0x000000008c200000, 0x000000008c200000| Untracked 
| 157|0x000000008c300000, 0x000000008c300000, 0x000000008c400000|  0%| F|  |TAMS 0x000000008c300000, 0x000000008c300000| Untracked 
| 158|0x000000008c400000, 0x000000008c400000, 0x000000008c500000|  0%| F|  |TAMS 0x000000008c400000, 0x000000008c400000| Untracked 
| 159|0x000000008c500000, 0x000000008c500000, 0x000000008c600000|  0%| F|  |TAMS 0x000000008c500000, 0x000000008c500000| Untracked 
| 160|0x000000008c600000, 0x000000008c600000, 0x000000008c700000|  0%| F|  |TAMS 0x000000008c600000, 0x000000008c600000| Untracked 
| 161|0x000000008c700000, 0x000000008c700000, 0x000000008c800000|  0%| F|  |TAMS 0x000000008c700000, 0x000000008c700000| Untracked 
| 162|0x000000008c800000, 0x000000008c800000, 0x000000008c900000|  0%| F|  |TAMS 0x000000008c800000, 0x000000008c800000| Untracked 
| 163|0x000000008c900000, 0x000000008c900000, 0x000000008ca00000|  0%| F|  |TAMS 0x000000008c900000, 0x000000008c900000| Untracked 
| 164|0x000000008ca00000, 0x000000008ca00000, 0x000000008cb00000|  0%| F|  |TAMS 0x000000008ca00000, 0x000000008ca00000| Untracked 
| 165|0x000000008cb00000, 0x000000008cb00000, 0x000000008cc00000|  0%| F|  |TAMS 0x000000008cb00000, 0x000000008cb00000| Untracked 
| 166|0x000000008cc00000, 0x000000008cc00000, 0x000000008cd00000|  0%| F|  |TAMS 0x000000008cc00000, 0x000000008cc00000| Untracked 
| 167|0x000000008cd00000, 0x000000008cd00000, 0x000000008ce00000|  0%| F|  |TAMS 0x000000008cd00000, 0x000000008cd00000| Untracked 
| 168|0x000000008ce00000, 0x000000008ce00000, 0x000000008cf00000|  0%| F|  |TAMS 0x000000008ce00000, 0x000000008ce00000| Untracked 
| 169|0x000000008cf00000, 0x000000008cf00000, 0x000000008d000000|  0%| F|  |TAMS 0x000000008cf00000, 0x000000008cf00000| Untracked 
| 170|0x000000008d000000, 0x000000008d000000, 0x000000008d100000|  0%| F|  |TAMS 0x000000008d000000, 0x000000008d000000| Untracked 
| 171|0x000000008d100000, 0x000000008d100000, 0x000000008d200000|  0%| F|  |TAMS 0x000000008d100000, 0x000000008d100000| Untracked 
| 172|0x000000008d200000, 0x000000008d200000, 0x000000008d300000|  0%| F|  |TAMS 0x000000008d200000, 0x000000008d200000| Untracked 
| 173|0x000000008d300000, 0x000000008d300000, 0x000000008d400000|  0%| F|  |TAMS 0x000000008d300000, 0x000000008d300000| Untracked 
| 174|0x000000008d400000, 0x000000008d400000, 0x000000008d500000|  0%| F|  |TAMS 0x000000008d400000, 0x000000008d400000| Untracked 
| 175|0x000000008d500000, 0x000000008d600000, 0x000000008d600000|100%| S|CS|TAMS 0x000000008d500000, 0x000000008d500000| Complete 
| 176|0x000000008d600000, 0x000000008d700000, 0x000000008d700000|100%| S|CS|TAMS 0x000000008d600000, 0x000000008d600000| Complete 
| 177|0x000000008d700000, 0x000000008d800000, 0x000000008d800000|100%| S|CS|TAMS 0x000000008d700000, 0x000000008d700000| Complete 
| 178|0x000000008d800000, 0x000000008d900000, 0x000000008d900000|100%| S|CS|TAMS 0x000000008d800000, 0x000000008d800000| Complete 
| 179|0x000000008d900000, 0x000000008da00000, 0x000000008da00000|100%| S|CS|TAMS 0x000000008d900000, 0x000000008d900000| Complete 
| 180|0x000000008da00000, 0x000000008db00000, 0x000000008db00000|100%| S|CS|TAMS 0x000000008da00000, 0x000000008da00000| Complete 
| 181|0x000000008db00000, 0x000000008db00000, 0x000000008dc00000|  0%| F|  |TAMS 0x000000008db00000, 0x000000008db00000| Untracked 
| 182|0x000000008dc00000, 0x000000008dc00000, 0x000000008dd00000|  0%| F|  |TAMS 0x000000008dc00000, 0x000000008dc00000| Untracked 
| 183|0x000000008dd00000, 0x000000008dd00000, 0x000000008de00000|  0%| F|  |TAMS 0x000000008dd00000, 0x000000008dd00000| Untracked 
| 184|0x000000008de00000, 0x000000008de00000, 0x000000008df00000|  0%| F|  |TAMS 0x000000008de00000, 0x000000008de00000| Untracked 
| 185|0x000000008df00000, 0x000000008df00000, 0x000000008e000000|  0%| F|  |TAMS 0x000000008df00000, 0x000000008df00000| Untracked 
| 186|0x000000008e000000, 0x000000008e000000, 0x000000008e100000|  0%| F|  |TAMS 0x000000008e000000, 0x000000008e000000| Untracked 
| 187|0x000000008e100000, 0x000000008e100000, 0x000000008e200000|  0%| F|  |TAMS 0x000000008e100000, 0x000000008e100000| Untracked 
| 188|0x000000008e200000, 0x000000008e200000, 0x000000008e300000|  0%| F|  |TAMS 0x000000008e200000, 0x000000008e200000| Untracked 
| 189|0x000000008e300000, 0x000000008e300000, 0x000000008e400000|  0%| F|  |TAMS 0x000000008e300000, 0x000000008e300000| Untracked 
| 190|0x000000008e400000, 0x000000008e400000, 0x000000008e500000|  0%| F|  |TAMS 0x000000008e400000, 0x000000008e400000| Untracked 
| 191|0x000000008e500000, 0x000000008e500000, 0x000000008e600000|  0%| F|  |TAMS 0x000000008e500000, 0x000000008e500000| Untracked 
| 192|0x000000008e600000, 0x000000008e600000, 0x000000008e700000|  0%| F|  |TAMS 0x000000008e600000, 0x000000008e600000| Untracked 
| 193|0x000000008e700000, 0x000000008e700000, 0x000000008e800000|  0%| F|  |TAMS 0x000000008e700000, 0x000000008e700000| Untracked 
| 194|0x000000008e800000, 0x000000008e800000, 0x000000008e900000|  0%| F|  |TAMS 0x000000008e800000, 0x000000008e800000| Untracked 
| 195|0x000000008e900000, 0x000000008e900000, 0x000000008ea00000|  0%| F|  |TAMS 0x000000008e900000, 0x000000008e900000| Untracked 
| 196|0x000000008ea00000, 0x000000008ea00000, 0x000000008eb00000|  0%| F|  |TAMS 0x000000008ea00000, 0x000000008ea00000| Untracked 
| 197|0x000000008eb00000, 0x000000008eb00000, 0x000000008ec00000|  0%| F|  |TAMS 0x000000008eb00000, 0x000000008eb00000| Untracked 
| 198|0x000000008ec00000, 0x000000008ec00000, 0x000000008ed00000|  0%| F|  |TAMS 0x000000008ec00000, 0x000000008ec00000| Untracked 
| 199|0x000000008ed00000, 0x000000008ed00000, 0x000000008ee00000|  0%| F|  |TAMS 0x000000008ed00000, 0x000000008ed00000| Untracked 
| 200|0x000000008ee00000, 0x000000008ee00000, 0x000000008ef00000|  0%| F|  |TAMS 0x000000008ee00000, 0x000000008ee00000| Untracked 
| 201|0x000000008ef00000, 0x000000008ef00000, 0x000000008f000000|  0%| F|  |TAMS 0x000000008ef00000, 0x000000008ef00000| Untracked 
| 202|0x000000008f000000, 0x000000008f000000, 0x000000008f100000|  0%| F|  |TAMS 0x000000008f000000, 0x000000008f000000| Untracked 
| 203|0x000000008f100000, 0x000000008f100000, 0x000000008f200000|  0%| F|  |TAMS 0x000000008f100000, 0x000000008f100000| Untracked 
| 204|0x000000008f200000, 0x000000008f200000, 0x000000008f300000|  0%| F|  |TAMS 0x000000008f200000, 0x000000008f200000| Untracked 
| 205|0x000000008f300000, 0x000000008f300000, 0x000000008f400000|  0%| F|  |TAMS 0x000000008f300000, 0x000000008f300000| Untracked 
| 206|0x000000008f400000, 0x000000008f400000, 0x000000008f500000|  0%| F|  |TAMS 0x000000008f400000, 0x000000008f400000| Untracked 
| 207|0x000000008f500000, 0x000000008f500000, 0x000000008f600000|  0%| F|  |TAMS 0x000000008f500000, 0x000000008f500000| Untracked 
| 208|0x000000008f600000, 0x000000008f600000, 0x000000008f700000|  0%| F|  |TAMS 0x000000008f600000, 0x000000008f600000| Untracked 
| 209|0x000000008f700000, 0x000000008f700000, 0x000000008f800000|  0%| F|  |TAMS 0x000000008f700000, 0x000000008f700000| Untracked 
| 210|0x000000008f800000, 0x000000008f800000, 0x000000008f900000|  0%| F|  |TAMS 0x000000008f800000, 0x000000008f800000| Untracked 
| 211|0x000000008f900000, 0x000000008f900000, 0x000000008fa00000|  0%| F|  |TAMS 0x000000008f900000, 0x000000008f900000| Untracked 
| 212|0x000000008fa00000, 0x000000008fa00000, 0x000000008fb00000|  0%| F|  |TAMS 0x000000008fa00000, 0x000000008fa00000| Untracked 
| 213|0x000000008fb00000, 0x000000008fb00000, 0x000000008fc00000|  0%| F|  |TAMS 0x000000008fb00000, 0x000000008fb00000| Untracked 
| 214|0x000000008fc00000, 0x000000008fc00000, 0x000000008fd00000|  0%| F|  |TAMS 0x000000008fc00000, 0x000000008fc00000| Untracked 
| 215|0x000000008fd00000, 0x000000008fd00000, 0x000000008fe00000|  0%| F|  |TAMS 0x000000008fd00000, 0x000000008fd00000| Untracked 
| 216|0x000000008fe00000, 0x000000008fe00000, 0x000000008ff00000|  0%| F|  |TAMS 0x000000008fe00000, 0x000000008fe00000| Untracked 
| 217|0x000000008ff00000, 0x000000008ff00000, 0x0000000090000000|  0%| F|  |TAMS 0x000000008ff00000, 0x000000008ff00000| Untracked 
| 218|0x0000000090000000, 0x0000000090000000, 0x0000000090100000|  0%| F|  |TAMS 0x0000000090000000, 0x0000000090000000| Untracked 
| 219|0x0000000090100000, 0x0000000090100000, 0x0000000090200000|  0%| F|  |TAMS 0x0000000090100000, 0x0000000090100000| Untracked 
| 220|0x0000000090200000, 0x00000000902ba910, 0x0000000090300000| 72%| E|  |TAMS 0x0000000090200000, 0x0000000090200000| Complete 
| 221|0x0000000090300000, 0x0000000090400000, 0x0000000090400000|100%| E|CS|TAMS 0x0000000090300000, 0x0000000090300000| Complete 
| 222|0x0000000090400000, 0x0000000090500000, 0x0000000090500000|100%| E|CS|TAMS 0x0000000090400000, 0x0000000090400000| Complete 
| 223|0x0000000090500000, 0x0000000090600000, 0x0000000090600000|100%| E|CS|TAMS 0x0000000090500000, 0x0000000090500000| Complete 

Card table byte_map: [0x0000029642c70000,0x0000029643060000] _byte_map_base: 0x000002964285d000

Marking Bits (Prev, Next): (CMBitMap*) 0x000002962ff60520, (CMBitMap*) 0x000002962ff604e0
 Prev Bits: [0x00000296453c0000, 0x0000029647328000)
 Next Bits: [0x0000029643450000, 0x00000296453b8000)

Polling page: 0x000002962f670000

Metaspace:

Usage:
  Non-class:     29.57 MB used.
      Class:      3.45 MB used.
       Both:     33.01 MB used.

Virtual space:
  Non-class space:       32.00 MB reserved,      29.69 MB ( 93%) committed,  4 nodes.
      Class space:        1.00 GB reserved,       3.62 MB ( <1%) committed,  1 nodes.
             Both:        1.03 GB reserved,      33.31 MB (  3%) committed. 

Chunk freelists:
   Non-Class:  2.06 MB
       Class:  271.00 KB
        Both:  2.33 MB

MaxMetaspaceSize: unlimited
CompressedClassSpaceSize: 1.00 GB
Initial GC threshold: 21.00 MB
Current GC threshold: 46.50 MB
CDS: off
MetaspaceReclaimPolicy: balanced
 - commit_granule_bytes: 65536.
 - commit_granule_words: 8192.
 - virtual_space_node_default_size: 1048576.
 - enlarge_chunks_in_place: 1.
 - new_chunks_are_fully_committed: 0.
 - uncommit_free_chunks: 1.
 - use_allocation_guard: 0.
 - handle_deallocations: 1.


Internal statistics:

num_allocs_failed_limit: 3.
num_arena_births: 212.
num_arena_deaths: 0.
num_vsnodes_births: 5.
num_vsnodes_deaths: 0.
num_space_committed: 533.
num_space_uncommitted: 0.
num_chunks_returned_to_freelist: 3.
num_chunks_taken_from_freelist: 1150.
num_chunk_merges: 3.
num_chunk_splits: 791.
num_chunks_enlarged: 599.
num_purges: 0.
num_inconsistent_stats: 0.

CodeHeap 'non-profiled nmethods': size=120000Kb used=4281Kb max_used=4281Kb free=115718Kb
 bounds [0x000002963b020000, 0x000002963b450000, 0x0000029642550000]
CodeHeap 'profiled nmethods': size=120000Kb used=11284Kb max_used=11284Kb free=108715Kb
 bounds [0x0000029633af0000, 0x0000029634600000, 0x000002963b020000]
CodeHeap 'non-nmethods': size=5760Kb used=1204Kb max_used=1277Kb free=4555Kb
 bounds [0x0000029633550000, 0x00000296337c0000, 0x0000029633af0000]
 total_blobs=5950 nmethods=5447 adapters=415
 compilation: enabled
              stopped_count=0, restarted_count=0
 full_count=0

Compilation events (20 events):
Event: 13.087 Thread 0x000002964a8e3ca0 nmethod 5970 0x0000029634523c90 code [0x0000029634523e40, 0x0000029634524058]
Event: 13.091 Thread 0x000002964a8e3ca0 5972   !   3       jdk.internal.loader.URLClassPath$JarLoader$1::run (175 bytes)
Event: 13.092 Thread 0x000002964a8e3ca0 nmethod 5972 0x0000029634524110 code [0x0000029634524340, 0x0000029634524a98]
Event: 13.092 Thread 0x000002964a8e3ca0 5971       3       jdk.internal.loader.URLClassPath$JarLoader::<init> (67 bytes)
Event: 13.092 Thread 0x000002964a8e3ca0 nmethod 5971 0x0000029634524f10 code [0x00000296345251a0, 0x0000029634525d98]
Event: 13.092 Thread 0x000002964a8e3ca0 5973   !   3       jdk.internal.loader.URLClassPath$JarLoader::checkJar (51 bytes)
Event: 13.093 Thread 0x000002964a8e3ca0 nmethod 5973 0x0000029634526210 code [0x0000029634526400, 0x00000296345268e8]
Event: 13.118 Thread 0x000002964a8e3ca0 5974       3       java.io.File::equals (28 bytes)
Event: 13.119 Thread 0x000002964a8e3ca0 nmethod 5974 0x0000029634526b10 code [0x0000029634526d00, 0x00000296345272c8]
Event: 13.133 Thread 0x000002964a8e3ca0 5975   !   3       jdk.internal.loader.URLClassPath::getLoader (29 bytes)
Event: 13.133 Thread 0x000002964a8e3ca0 nmethod 5975 0x0000029634527490 code [0x0000029634527680, 0x0000029634527c38]
Event: 13.136 Thread 0x000002964a8e32b0 5976       4       java.lang.String::newStringUTF8NoRepl (276 bytes)
Event: 13.137 Thread 0x000002964a8e3ca0 5977       3       java.util.jar.JarFile::runtimeVersion (4 bytes)
Event: 13.137 Thread 0x000002964a8e3ca0 nmethod 5977 0x0000029633cd6e10 code [0x0000029633cd6fa0, 0x0000029633cd7098]
Event: 13.139 Thread 0x000002964a8e32b0 nmethod 5976 0x000002963b440410 code [0x000002963b4405a0, 0x000002963b440c18]
Event: 13.141 Thread 0x000002964a8e3ca0 5978       3       java.net.URL::<init> (438 bytes)
Event: 13.144 Thread 0x000002964a8e3ca0 nmethod 5978 0x0000029634527e10 code [0x0000029634528620, 0x000002963452c748]
Event: 13.150 Thread 0x000002964a8e32b0 5979       4       java.io.BufferedReader::readLine (7 bytes)
Event: 13.150 Thread 0x000002964a8e32b0 nmethod 5979 0x000002963b440f10 code [0x000002963b4410a0, 0x000002963b441148]
Event: 13.156 Thread 0x000002964a8e32b0 5980       4       java.util.zip.ZipFile$Source::initCEN (591 bytes)

GC Heap History (20 events):
Event: 8.492 GC heap before
{Heap before GC invocations=16 (full 0):
 garbage-first heap   total 135168K, used 103122K [0x0000000082600000, 0x0000000100000000)
  region size 1024K, 36 young (36864K), 6 survivors (6144K)
 Metaspace       used 25204K, committed 25472K, reserved 1073152K
  class space    used 2533K, committed 2688K, reserved 1048576K
}
Event: 8.501 GC heap after
{Heap after GC invocations=17 (full 0):
 garbage-first heap   total 135168K, used 78364K [0x0000000082600000, 0x0000000100000000)
  region size 1024K, 5 young (5120K), 5 survivors (5120K)
 Metaspace       used 25204K, committed 25472K, reserved 1073152K
  class space    used 2533K, committed 2688K, reserved 1048576K
}
Event: 8.623 GC heap before
{Heap before GC invocations=17 (full 0):
 garbage-first heap   total 165888K, used 98844K [0x0000000082600000, 0x0000000100000000)
  region size 1024K, 30 young (30720K), 5 survivors (5120K)
 Metaspace       used 25222K, committed 25472K, reserved 1073152K
  class space    used 2533K, committed 2688K, reserved 1048576K
}
Event: 8.632 GC heap after
{Heap after GC invocations=18 (full 0):
 garbage-first heap   total 165888K, used 79386K [0x0000000082600000, 0x0000000100000000)
  region size 1024K, 4 young (4096K), 4 survivors (4096K)
 Metaspace       used 25222K, committed 25472K, reserved 1073152K
  class space    used 2533K, committed 2688K, reserved 1048576K
}
Event: 9.890 GC heap before
{Heap before GC invocations=19 (full 0):
 garbage-first heap   total 165888K, used 125466K [0x0000000082600000, 0x0000000100000000)
  region size 1024K, 48 young (49152K), 4 survivors (4096K)
 Metaspace       used 25711K, committed 25920K, reserved 1073152K
  class space    used 2582K, committed 2688K, reserved 1048576K
}
Event: 9.901 GC heap after
{Heap after GC invocations=20 (full 0):
 garbage-first heap   total 165888K, used 93906K [0x0000000082600000, 0x0000000100000000)
  region size 1024K, 6 young (6144K), 6 survivors (6144K)
 Metaspace       used 25711K, committed 25920K, reserved 1073152K
  class space    used 2582K, committed 2688K, reserved 1048576K
}
Event: 10.058 GC heap before
{Heap before GC invocations=20 (full 0):
 garbage-first heap   total 165888K, used 94930K [0x0000000082600000, 0x0000000100000000)
  region size 1024K, 8 young (8192K), 6 survivors (6144K)
 Metaspace       used 25719K, committed 25920K, reserved 1073152K
  class space    used 2582K, committed 2688K, reserved 1048576K
}
Event: 10.064 GC heap after
{Heap after GC invocations=21 (full 0):
 garbage-first heap   total 165888K, used 95954K [0x0000000082600000, 0x0000000100000000)
  region size 1024K, 1 young (1024K), 1 survivors (1024K)
 Metaspace       used 25719K, committed 25920K, reserved 1073152K
  class space    used 2582K, committed 2688K, reserved 1048576K
}
Event: 10.068 GC heap before
{Heap before GC invocations=21 (full 0):
 garbage-first heap   total 165888K, used 95954K [0x0000000082600000, 0x0000000100000000)
  region size 1024K, 2 young (2048K), 1 survivors (1024K)
 Metaspace       used 25719K, committed 25920K, reserved 1073152K
  class space    used 2582K, committed 2688K, reserved 1048576K
}
Event: 10.071 GC heap after
{Heap after GC invocations=22 (full 0):
 garbage-first heap   total 229376K, used 95954K [0x0000000082600000, 0x0000000100000000)
  region size 1024K, 1 young (1024K), 1 survivors (1024K)
 Metaspace       used 25719K, committed 25920K, reserved 1073152K
  class space    used 2582K, committed 2688K, reserved 1048576K
}
Event: 10.443 GC heap before
{Heap before GC invocations=22 (full 0):
 garbage-first heap   total 229376K, used 159442K [0x0000000082600000, 0x0000000100000000)
  region size 1024K, 60 young (61440K), 1 survivors (1024K)
 Metaspace       used 26050K, committed 26304K, reserved 1073152K
  class space    used 2612K, committed 2752K, reserved 1048576K
}
Event: 10.459 GC heap after
{Heap after GC invocations=23 (full 0):
 garbage-first heap   total 229376K, used 115730K [0x0000000082600000, 0x0000000100000000)
  region size 1024K, 8 young (8192K), 8 survivors (8192K)
 Metaspace       used 26050K, committed 26304K, reserved 1073152K
  class space    used 2612K, committed 2752K, reserved 1048576K
}
Event: 10.469 GC heap before
{Heap before GC invocations=23 (full 0):
 garbage-first heap   total 229376K, used 116754K [0x0000000082600000, 0x0000000100000000)
  region size 1024K, 10 young (10240K), 8 survivors (8192K)
 Metaspace       used 26050K, committed 26304K, reserved 1073152K
  class space    used 2612K, committed 2752K, reserved 1048576K
}
Event: 10.478 GC heap after
{Heap after GC invocations=24 (full 0):
 garbage-first heap   total 229376K, used 117932K [0x0000000082600000, 0x0000000100000000)
  region size 1024K, 2 young (2048K), 2 survivors (2048K)
 Metaspace       used 26050K, committed 26304K, reserved 1073152K
  class space    used 2612K, committed 2752K, reserved 1048576K
}
Event: 12.114 GC heap before
{Heap before GC invocations=25 (full 0):
 garbage-first heap   total 229376K, used 152748K [0x0000000082600000, 0x0000000100000000)
  region size 1024K, 35 young (35840K), 2 survivors (2048K)
 Metaspace       used 26992K, committed 27328K, reserved 1081344K
  class space    used 2702K, committed 2880K, reserved 1048576K
}
Event: 12.119 GC heap after
{Heap after GC invocations=26 (full 0):
 garbage-first heap   total 229376K, used 120873K [0x0000000082600000, 0x0000000100000000)
  region size 1024K, 4 young (4096K), 4 survivors (4096K)
 Metaspace       used 26992K, committed 27328K, reserved 1081344K
  class space    used 2702K, committed 2880K, reserved 1048576K
}
Event: 12.399 GC heap before
{Heap before GC invocations=26 (full 0):
 garbage-first heap   total 229376K, used 129065K [0x0000000082600000, 0x0000000100000000)
  region size 1024K, 11 young (11264K), 4 survivors (4096K)
 Metaspace       used 28047K, committed 28352K, reserved 1081344K
  class space    used 2848K, committed 3008K, reserved 1048576K
}
Event: 12.404 GC heap after
{Heap after GC invocations=27 (full 0):
 garbage-first heap   total 229376K, used 120038K [0x0000000082600000, 0x0000000100000000)
  region size 1024K, 1 young (1024K), 1 survivors (1024K)
 Metaspace       used 28047K, committed 28352K, reserved 1081344K
  class space    used 2848K, committed 3008K, reserved 1048576K
}
Event: 12.565 GC heap before
{Heap before GC invocations=27 (full 0):
 garbage-first heap   total 229376K, used 122086K [0x0000000082600000, 0x0000000100000000)
  region size 1024K, 4 young (4096K), 1 survivors (1024K)
 Metaspace       used 28053K, committed 28352K, reserved 1081344K
  class space    used 2848K, committed 3008K, reserved 1048576K
}
Event: 12.566 GC heap after
{Heap after GC invocations=28 (full 0):
 garbage-first heap   total 229376K, used 119822K [0x0000000082600000, 0x0000000100000000)
  region size 1024K, 1 young (1024K), 1 survivors (1024K)
 Metaspace       used 28053K, committed 28352K, reserved 1081344K
  class space    used 2848K, committed 3008K, reserved 1048576K
}

Deoptimization events (20 events):
Event: 12.768 Thread 0x000002962ff23ad0 Uncommon trap: trap_request=0xffffff45 fr.pc=0x000002963b3ec96c relative=0x0000000000000d0c
Event: 12.768 Thread 0x000002962ff23ad0 Uncommon trap: reason=unstable_if action=reinterpret pc=0x000002963b3ec96c method=java.util.HashMap.removeNode(ILjava/lang/Object;Ljava/lang/Object;ZZ)Ljava/util/HashMap$Node; @ 7 c2
Event: 12.768 Thread 0x000002962ff23ad0 DEOPT PACKING pc=0x000002963b3ec96c sp=0x000000cc7d9fd980
Event: 12.768 Thread 0x000002962ff23ad0 DEOPT UNPACKING pc=0x00000296335a23a3 sp=0x000000cc7d9fd920 mode 2
Event: 12.960 Thread 0x000002962ff23ad0 Uncommon trap: trap_request=0xffffff45 fr.pc=0x000002963b272af8 relative=0x00000000000014f8
Event: 12.960 Thread 0x000002962ff23ad0 Uncommon trap: reason=unstable_if action=reinterpret pc=0x000002963b272af8 method=sun.nio.fs.WindowsPathParser.isSlash(C)Z @ 9 c2
Event: 12.960 Thread 0x000002962ff23ad0 DEOPT PACKING pc=0x000002963b272af8 sp=0x000000cc7d9fd350
Event: 12.960 Thread 0x000002962ff23ad0 DEOPT UNPACKING pc=0x00000296335a23a3 sp=0x000000cc7d9fd2f0 mode 2
Event: 13.008 Thread 0x000002962ff23ad0 DEOPT PACKING pc=0x00000296344a55ea sp=0x000000cc7d9fcc10
Event: 13.008 Thread 0x000002962ff23ad0 DEOPT UNPACKING pc=0x00000296335a2b43 sp=0x000000cc7d9fc190 mode 0
Event: 13.016 Thread 0x000002962ff23ad0 DEOPT PACKING pc=0x000002963451effc sp=0x000000cc7d9fca00
Event: 13.016 Thread 0x000002962ff23ad0 DEOPT UNPACKING pc=0x00000296335a2b43 sp=0x000000cc7d9fbf80 mode 0
Event: 13.045 Thread 0x000002962ff23ad0 DEOPT PACKING pc=0x00000296342257bd sp=0x000000cc7d9fcbd0
Event: 13.045 Thread 0x000002962ff23ad0 DEOPT UNPACKING pc=0x00000296335a2b43 sp=0x000000cc7d9fc058 mode 0
Event: 13.094 Thread 0x000002962ff23ad0 DEOPT PACKING pc=0x000002963451effc sp=0x000000cc7d9fc970
Event: 13.094 Thread 0x000002962ff23ad0 DEOPT UNPACKING pc=0x00000296335a2b43 sp=0x000000cc7d9fbef0 mode 0
Event: 13.097 Thread 0x000002962ff23ad0 DEOPT PACKING pc=0x00000296344a55ea sp=0x000000cc7d9fcb50
Event: 13.097 Thread 0x000002962ff23ad0 DEOPT UNPACKING pc=0x00000296335a2b43 sp=0x000000cc7d9fc0d0 mode 0
Event: 13.156 Thread 0x000002962ff23ad0 DEOPT PACKING pc=0x00000296344a55ea sp=0x000000cc7d9fcb80
Event: 13.156 Thread 0x000002962ff23ad0 DEOPT UNPACKING pc=0x00000296335a2b43 sp=0x000000cc7d9fc100 mode 0

Classes unloaded (0 events):
No events

Classes redefined (0 events):
No events

Internal exceptions (20 events):
Event: 9.062 Thread 0x000002962ff23ad0 Exception <a 'java/lang/NoSuchMethodError'{0x000000008a466dc8}: 'java.lang.Object java.lang.invoke.DirectMethodHandle$Holder.newInvokeSpecial(java.lang.Object, java.lang.Object, java.lang.Object, java.lang.Object, java.lang.Object, java.lang.Object)'> (0x000000008a466dc8) 
thrown [e:\jenkins\tmp\workspace\build\src\src\hotspot\share\interpreter\linkResolver.cpp, line 766]
Event: 9.065 Thread 0x000002962ff23ad0 Exception <a 'java/lang/NoSuchMethodError'{0x000000008a471680}: 'int java.lang.invoke.DirectMethodHandle$Holder.invokeSpecial(java.lang.Object, java.lang.Object, java.lang.Object)'> (0x000000008a471680) 
thrown [e:\jenkins\tmp\workspace\build\src\src\hotspot\share\interpreter\linkResolver.cpp, line 766]
Event: 9.086 Thread 0x000002962ff23ad0 Exception <a 'java/lang/NoSuchMethodError'{0x000000008a4f80b8}: 'void java.lang.invoke.DirectMethodHandle$Holder.invokeSpecial(java.lang.Object, java.lang.Object, java.lang.Object, java.lang.Object, java.lang.Object)'> (0x000000008a4f80b8) 
thrown [e:\jenkins\tmp\workspace\build\src\src\hotspot\share\interpreter\linkResolver.cpp, line 766]
Event: 9.159 Thread 0x000002962ff23ad0 Implicit null exception at 0x000002963b1c714f to 0x000002963b1c7f20
Event: 10.158 Thread 0x000002962ff23ad0 Exception <a 'java/lang/NoSuchMethodError'{0x00000000903a4500}: 'void java.lang.invoke.DirectMethodHandle$Holder.invokeVirtual(java.lang.Object, java.lang.Object)'> (0x00000000903a4500) 
thrown [e:\jenkins\tmp\workspace\build\src\src\hotspot\share\interpreter\linkResolver.cpp, line 766]
Event: 10.194 Thread 0x000002962ff23ad0 Exception <a 'java/lang/NoSuchMethodError'{0x0000000090147e10}: 'void java.lang.invoke.DirectMethodHandle$Holder.invokeStatic(java.lang.Object, java.lang.Object)'> (0x0000000090147e10) 
thrown [e:\jenkins\tmp\workspace\build\src\src\hotspot\share\interpreter\linkResolver.cpp, line 766]
Event: 10.488 Thread 0x000002962ff23ad0 Exception <a 'java/lang/NoSuchMethodError'{0x00000000905abf28}: 'java.lang.Object java.lang.invoke.DirectMethodHandle$Holder.invokeInterface(java.lang.Object, java.lang.Object)'> (0x00000000905abf28) 
thrown [e:\jenkins\tmp\workspace\build\src\src\hotspot\share\interpreter\linkResolver.cpp, line 766]
Event: 12.227 Thread 0x000002962ff23ad0 Exception <a 'java/lang/NoSuchMethodError'{0x0000000090151950}: 'java.lang.Object java.lang.invoke.DirectMethodHandle$Holder.invokeVirtual(java.lang.Object, java.lang.Object, java.lang.Object)'> (0x0000000090151950) 
thrown [e:\jenkins\tmp\workspace\build\src\src\hotspot\share\interpreter\linkResolver.cpp, line 766]
Event: 12.229 Thread 0x000002962ff23ad0 Exception <a 'java/lang/NoSuchMethodError'{0x0000000090159650}: 'int java.lang.invoke.DirectMethodHandle$Holder.invokeInterface(java.lang.Object, java.lang.Object)'> (0x0000000090159650) 
thrown [e:\jenkins\tmp\workspace\build\src\src\hotspot\share\interpreter\linkResolver.cpp, line 766]
Event: 12.694 Thread 0x000002962ff23ad0 Exception <a 'java/lang/NoSuchMethodError'{0x00000000903d9358}: 'int java.lang.invoke.DirectMethodHandle$Holder.invokeVirtual(java.lang.Object, java.lang.Object, java.lang.Object)'> (0x00000000903d9358) 
thrown [e:\jenkins\tmp\workspace\build\src\src\hotspot\share\interpreter\linkResolver.cpp, line 766]
Event: 12.694 Thread 0x000002962ff23ad0 Exception <a 'java/lang/NoSuchMethodError'{0x00000000903df9f8}: 'void java.lang.invoke.DirectMethodHandle$Holder.invokeInterface(java.lang.Object, java.lang.Object, java.lang.Object)'> (0x00000000903df9f8) 
thrown [e:\jenkins\tmp\workspace\build\src\src\hotspot\share\interpreter\linkResolver.cpp, line 766]
Event: 12.697 Thread 0x000002962ff23ad0 Exception <a 'java/lang/NoSuchMethodError'{0x00000000903f9e20}: 'int java.lang.invoke.DirectMethodHandle$Holder.invokeStaticInit(java.lang.Object, java.lang.Object, java.lang.Object)'> (0x00000000903f9e20) 
thrown [e:\jenkins\tmp\workspace\build\src\src\hotspot\share\interpreter\linkResolver.cpp, line 766]
Event: 12.766 Thread 0x000002962ff23ad0 Implicit null exception at 0x000002963b1f95ed to 0x000002963b1fc365
Event: 12.768 Thread 0x000002962ff23ad0 Implicit null exception at 0x000002963b3ebcad to 0x000002963b3ec940
Event: 12.776 Thread 0x000002962ff23ad0 Exception <a 'sun/nio/fs/WindowsException'{0x000000008fac5da8}> (0x000000008fac5da8) 
thrown [e:\jenkins\tmp\workspace\build\src\src\hotspot\share\prims\jni.cpp, line 516]
Event: 12.776 Thread 0x000002962ff23ad0 Exception <a 'sun/nio/fs/WindowsException'{0x000000008fac6078}> (0x000000008fac6078) 
thrown [e:\jenkins\tmp\workspace\build\src\src\hotspot\share\prims\jni.cpp, line 516]
Event: 12.857 Thread 0x000002962ff23ad0 Exception <a 'java/lang/NoSuchMethodError'{0x000000008f325e68}: 'int java.lang.invoke.DirectMethodHandle$Holder.invokeStaticInit(java.lang.Object, java.lang.Object)'> (0x000000008f325e68) 
thrown [e:\jenkins\tmp\workspace\build\src\src\hotspot\share\interpreter\linkResolver.cpp, line 766]
Event: 12.935 Thread 0x000002962ff23ad0 Exception <a 'java/lang/NoSuchMethodError'{0x000000008ec81ec8}: 'int java.lang.invoke.DirectMethodHandle$Holder.invokeVirtual(java.lang.Object, java.lang.Object)'> (0x000000008ec81ec8) 
thrown [e:\jenkins\tmp\workspace\build\src\src\hotspot\share\interpreter\linkResolver.cpp, line 766]
Event: 12.961 Thread 0x000002962ff23ad0 Exception <a 'sun/nio/fs/WindowsException'{0x000000008ea381a8}> (0x000000008ea381a8) 
thrown [e:\jenkins\tmp\workspace\build\src\src\hotspot\share\prims\jni.cpp, line 516]
Event: 12.961 Thread 0x000002962ff23ad0 Exception <a 'sun/nio/fs/WindowsException'{0x000000008ea385e8}> (0x000000008ea385e8) 
thrown [e:\jenkins\tmp\workspace\build\src\src\hotspot\share\prims\jni.cpp, line 516]

VM Operations (20 events):
Event: 10.743 Executing VM operation: G1Concurrent
Event: 10.743 Executing VM operation: G1Concurrent done
Event: 11.750 Executing VM operation: Cleanup
Event: 11.750 Executing VM operation: Cleanup done
Event: 12.114 Executing VM operation: G1CollectForAllocation
Event: 12.119 Executing VM operation: G1CollectForAllocation done
Event: 12.134 Executing VM operation: HandshakeAllThreads
Event: 12.134 Executing VM operation: HandshakeAllThreads done
Event: 12.226 Executing VM operation: HandshakeAllThreads
Event: 12.226 Executing VM operation: HandshakeAllThreads done
Event: 12.297 Executing VM operation: HandshakeAllThreads
Event: 12.297 Executing VM operation: HandshakeAllThreads done
Event: 12.399 Executing VM operation: G1CollectForAllocation
Event: 12.404 Executing VM operation: G1CollectForAllocation done
Event: 12.565 Executing VM operation: G1TryInitiateConcMark
Event: 12.566 Executing VM operation: G1TryInitiateConcMark done
Event: 12.744 Executing VM operation: G1Concurrent
Event: 12.748 Executing VM operation: G1Concurrent done
Event: 12.800 Executing VM operation: G1Concurrent
Event: 12.800 Executing VM operation: G1Concurrent done

Events (20 events):
Event: 12.787 loading class java/util/regex/Pattern$GroupCurly
Event: 12.788 loading class java/util/regex/Pattern$GroupCurly done
Event: 12.875 loading class java/lang/invoke/MethodHandle$1
Event: 12.875 loading class java/lang/invoke/MethodHandle$1 done
Event: 12.962 loading class jdk/internal/jrtfs/JrtFileSystem
Event: 12.962 loading class jdk/internal/jrtfs/JrtFileSystem done
Event: 12.962 loading class jdk/internal/jrtfs/JrtPath
Event: 12.963 loading class jdk/internal/jrtfs/JrtPath done
Event: 12.963 loading class jdk/internal/jrtfs/SystemImage
Event: 12.963 loading class jdk/internal/jrtfs/SystemImage done
Event: 12.963 loading class java/security/AllPermissionCollection
Event: 12.964 loading class java/security/AllPermissionCollection done
Event: 12.964 loading class jdk/internal/jrtfs/SystemImage$2
Event: 12.964 loading class jdk/internal/jrtfs/SystemImage$2 done
Event: 12.964 loading class jdk/internal/jimage/ImageReader$Directory
Event: 12.964 loading class jdk/internal/jimage/ImageReader$Node
Event: 12.964 loading class jdk/internal/jimage/ImageReader$Node done
Event: 12.964 loading class jdk/internal/jimage/ImageReader$Directory done
Event: 12.964 loading class jdk/internal/jrtfs/SystemImage$1
Event: 12.964 loading class jdk/internal/jrtfs/SystemImage$1 done


Dynamic libraries:
0x00007ff614d90000 - 0x00007ff614d9e000 	C:\Users\jcapitan\.p2\pool\plugins\org.eclipse.justj.openjdk.hotspot.jre.full.win32.x86_64_17.0.2.v20220201-1208\jre\bin\javaw.exe
0x00007ff97c970000 - 0x00007ff97cb65000 	C:\WINDOWS\SYSTEM32\ntdll.dll
0x00007ff97bf50000 - 0x00007ff97c00e000 	C:\WINDOWS\System32\KERNEL32.DLL
0x00007ff97a4a0000 - 0x00007ff97a768000 	C:\WINDOWS\System32\KERNELBASE.dll
0x00007ff97a770000 - 0x00007ff97a870000 	C:\WINDOWS\System32\ucrtbase.dll
0x00007ff960810000 - 0x00007ff960828000 	C:\Users\jcapitan\.p2\pool\plugins\org.eclipse.justj.openjdk.hotspot.jre.full.win32.x86_64_17.0.2.v20220201-1208\jre\bin\jli.dll
0x00007ff960bc0000 - 0x00007ff960bd9000 	C:\Users\jcapitan\.p2\pool\plugins\org.eclipse.justj.openjdk.hotspot.jre.full.win32.x86_64_17.0.2.v20220201-1208\jre\bin\VCRUNTIME140.dll
0x00007ff97a9d0000 - 0x00007ff97ab70000 	C:\WINDOWS\System32\USER32.dll
0x00007ff97a1c0000 - 0x00007ff97a1e2000 	C:\WINDOWS\System32\win32u.dll
0x00007ff97bbf0000 - 0x00007ff97bc1a000 	C:\WINDOWS\System32\GDI32.dll
0x00007ff97a2f0000 - 0x00007ff97a3fb000 	C:\WINDOWS\System32\gdi32full.dll
0x00007ff97a400000 - 0x00007ff97a49d000 	C:\WINDOWS\System32\msvcp_win.dll
0x00007ff961a10000 - 0x00007ff961caa000 	C:\WINDOWS\WinSxS\amd64_microsoft.windows.common-controls_6595b64144ccf1df_6.0.19041.1110_none_60b5254171f9507e\COMCTL32.dll
0x00007ff97c890000 - 0x00007ff97c92e000 	C:\WINDOWS\System32\msvcrt.dll
0x00007ff97bf20000 - 0x00007ff97bf50000 	C:\WINDOWS\System32\IMM32.DLL
0x00007ff963a00000 - 0x00007ff963c02000 	C:\WINDOWS\system32\tmumh\20019\AddOn\8.53.0.1128\TmUmEvt64.dll
0x00007ff97aed0000 - 0x00007ff97aed8000 	C:\WINDOWS\System32\PSAPI.DLL
0x00007ff97bb30000 - 0x00007ff97bbde000 	C:\WINDOWS\System32\ADVAPI32.dll
0x00007ff97b2c0000 - 0x00007ff97b35c000 	C:\WINDOWS\System32\sechost.dll
0x00007ff97b3c0000 - 0x00007ff97b4e5000 	C:\WINDOWS\System32\RPCRT4.dll
0x000000006f560000 - 0x000000006f6d0000 	C:\WINDOWS\system32\tmumh\20019\TmMon\2.8.0.1054\tmmon64.dll
0x00007ff953b40000 - 0x00007ff953e6e000 	C:\WINDOWS\System32\TmLWE\TmUmSnsr64\1.0.0.1094\TmUmSnsr64.dll
0x00007ff978830000 - 0x00007ff978842000 	C:\WINDOWS\SYSTEM32\kernel.appcore.dll
0x00007ff96dbd0000 - 0x00007ff96dbdc000 	C:\Users\jcapitan\.p2\pool\plugins\org.eclipse.justj.openjdk.hotspot.jre.full.win32.x86_64_17.0.2.v20220201-1208\jre\bin\vcruntime140_1.dll
0x00007ff92fdb0000 - 0x00007ff92fe41000 	C:\Users\jcapitan\.p2\pool\plugins\org.eclipse.justj.openjdk.hotspot.jre.full.win32.x86_64_17.0.2.v20220201-1208\jre\bin\msvcp140.dll
0x00007ff8fecb0000 - 0x00007ff8ff8f7000 	C:\Users\jcapitan\.p2\pool\plugins\org.eclipse.justj.openjdk.hotspot.jre.full.win32.x86_64_17.0.2.v20220201-1208\jre\bin\server\jvm.dll
0x00007ff961400000 - 0x00007ff961409000 	C:\WINDOWS\SYSTEM32\WSOCK32.dll
0x00007ff97beb0000 - 0x00007ff97bf1b000 	C:\WINDOWS\System32\WS2_32.dll
0x00007ff960100000 - 0x00007ff960127000 	C:\WINDOWS\SYSTEM32\WINMM.dll
0x00007ff96e960000 - 0x00007ff96e96a000 	C:\WINDOWS\SYSTEM32\VERSION.dll
0x00007ff96df70000 - 0x00007ff96df7a000 	C:\Users\jcapitan\.p2\pool\plugins\org.eclipse.justj.openjdk.hotspot.jre.full.win32.x86_64_17.0.2.v20220201-1208\jre\bin\jimage.dll
0x00007ff977db0000 - 0x00007ff977f94000 	C:\WINDOWS\SYSTEM32\DBGHELP.DLL
0x00007ff95ff20000 - 0x00007ff95ff4c000 	C:\WINDOWS\SYSTEM32\dbgcore.DLL
0x00007ff97a090000 - 0x00007ff97a112000 	C:\WINDOWS\System32\bcryptPrimitives.dll
0x00007ff939d60000 - 0x00007ff939d85000 	C:\Users\jcapitan\.p2\pool\plugins\org.eclipse.justj.openjdk.hotspot.jre.full.win32.x86_64_17.0.2.v20220201-1208\jre\bin\java.dll
0x00007ff964a70000 - 0x00007ff964a88000 	C:\Users\jcapitan\.p2\pool\plugins\org.eclipse.justj.openjdk.hotspot.jre.full.win32.x86_64_17.0.2.v20220201-1208\jre\bin\zip.dll
0x00007ff97c010000 - 0x00007ff97c754000 	C:\WINDOWS\System32\SHELL32.dll
0x00007ff977fa0000 - 0x00007ff978734000 	C:\WINDOWS\SYSTEM32\windows.storage.dll
0x00007ff97ab70000 - 0x00007ff97aec4000 	C:\WINDOWS\System32\combase.dll
0x00007ff979b00000 - 0x00007ff979b2c000 	C:\WINDOWS\SYSTEM32\Wldp.dll
0x00007ff97b960000 - 0x00007ff97ba0d000 	C:\WINDOWS\System32\SHCORE.dll
0x00007ff97b250000 - 0x00007ff97b2a5000 	C:\WINDOWS\System32\shlwapi.dll
0x00007ff979fd0000 - 0x00007ff979fef000 	C:\WINDOWS\SYSTEM32\profapi.dll
0x00007ff9637b0000 - 0x00007ff9637c9000 	C:\Users\jcapitan\.p2\pool\plugins\org.eclipse.justj.openjdk.hotspot.jre.full.win32.x86_64_17.0.2.v20220201-1208\jre\bin\net.dll
0x00007ff9790f0000 - 0x00007ff9791fa000 	C:\WINDOWS\SYSTEM32\WINHTTP.dll
0x00007ff979860000 - 0x00007ff9798ca000 	C:\WINDOWS\system32\mswsock.dll
0x00007ff963300000 - 0x00007ff963315000 	C:\Users\jcapitan\.p2\pool\plugins\org.eclipse.justj.openjdk.hotspot.jre.full.win32.x86_64_17.0.2.v20220201-1208\jre\bin\nio.dll
0x0000000069ac0000 - 0x0000000069ae4000 	C:\Users\jcapitan\AppData\Local\Temp\jansi-2.4.0-e82fe47a415c288d-jansi.dll
0x00007ff96d9d0000 - 0x00007ff96d9e0000 	C:\Users\jcapitan\.p2\pool\plugins\org.eclipse.justj.openjdk.hotspot.jre.full.win32.x86_64_17.0.2.v20220201-1208\jre\bin\verify.dll

dbghelp: loaded successfully - version: 4.0.5 - missing functions: none
symbol engine: initialized successfully - sym options: 0x614 - pdb path: .;C:\Users\jcapitan\.p2\pool\plugins\org.eclipse.justj.openjdk.hotspot.jre.full.win32.x86_64_17.0.2.v20220201-1208\jre\bin;C:\WINDOWS\SYSTEM32;C:\WINDOWS\WinSxS\amd64_microsoft.windows.common-controls_6595b64144ccf1df_6.0.19041.1110_none_60b5254171f9507e;C:\WINDOWS\system32\tmumh\20019\AddOn\8.53.0.1128;C:\WINDOWS\system32\tmumh\20019\TmMon\2.8.0.1054;C:\WINDOWS\System32\TmLWE\TmUmSnsr64\1.0.0.1094;C:\Users\jcapitan\.p2\pool\plugins\org.eclipse.justj.openjdk.hotspot.jre.full.win32.x86_64_17.0.2.v20220201-1208\jre\bin\server;C:\Users\jcapitan\AppData\Local\Temp

VM Arguments:
jvm_args: -Dmaven.home=EMBEDDED -Dclassworlds.conf=C:\Users\jcapitan\eclipse-workspace\.metadata\.plugins\org.eclipse.m2e.launching\launches\m2conf1904154261555297946.tmp -Dm2e.workspace.state=C:\Users\jcapitan\eclipse-workspace\.metadata\.plugins\org.eclipse.m2e.core\workspacestate.properties -Dmaven.multiModuleProjectDirectory=C:\Users\jcapitan\eclipse-workspace\ivn-back -Dfile.encoding=Cp1252 -XX:+ShowCodeDetailsInExceptionMessages 
java_command: org.codehaus.plexus.classworlds.launcher.Launcher -Ddebug=53418 -B compile quarkus:dev
java_class_path (initial): C:\Users\jcapitan\.p2\pool\plugins\org.eclipse.m2e.maven.runtime_1.18.3.20220227-1319\jars\plexus-classworlds-2.6.0.jar
Launcher Type: SUN_STANDARD

[Global flags]
     intx CICompilerCount                          = 4                                         {product} {ergonomic}
     uint ConcGCThreads                            = 2                                         {product} {ergonomic}
     uint G1ConcRefinementThreads                  = 8                                         {product} {ergonomic}
   size_t G1HeapRegionSize                         = 1048576                                   {product} {ergonomic}
    uintx GCDrainStackTargetSize                   = 64                                        {product} {ergonomic}
   size_t InitialHeapSize                          = 132120576                                 {product} {ergonomic}
   size_t MarkStackSize                            = 4194304                                   {product} {ergonomic}
   size_t MaxHeapSize                              = 2107637760                                {product} {ergonomic}
   size_t MaxNewSize                               = 1264582656                                {product} {ergonomic}
   size_t MinHeapDeltaBytes                        = 1048576                                   {product} {ergonomic}
   size_t MinHeapSize                              = 8388608                                   {product} {ergonomic}
    uintx NonNMethodCodeHeapSize                   = 5839372                                {pd product} {ergonomic}
    uintx NonProfiledCodeHeapSize                  = 122909434                              {pd product} {ergonomic}
    uintx ProfiledCodeHeapSize                     = 122909434                              {pd product} {ergonomic}
    uintx ReservedCodeCacheSize                    = 251658240                              {pd product} {ergonomic}
     bool SegmentedCodeCache                       = true                                      {product} {ergonomic}
     bool ShowCodeDetailsInExceptionMessages       = true                                   {manageable} {command line}
   size_t SoftMaxHeapSize                          = 2107637760                             {manageable} {ergonomic}
     bool UseCompressedClassPointers               = true                           {product lp64_product} {ergonomic}
     bool UseCompressedOops                        = true                           {product lp64_product} {ergonomic}
     bool UseG1GC                                  = true                                      {product} {ergonomic}
     bool UseLargePagesIndividualAllocation        = false                                  {pd product} {ergonomic}

Logging:
Log output configuration:
 #0: stdout all=warning uptime,level,tags
 #1: stderr all=off uptime,level,tags

Environment Variables:
JAVA_HOME=C:\Program Files\Eclipse Adoptium\jdk-11.0.14.101-hotspot\
PATH=C:/Users/jcapitan/.p2/pool/plugins/org.eclipse.justj.openjdk.hotspot.jre.full.win32.x86_64_17.0.2.v20220201-1208/jre/bin/server;C:/Users/jcapitan/.p2/pool/plugins/org.eclipse.justj.openjdk.hotspot.jre.full.win32.x86_64_17.0.2.v20220201-1208/jre/bin;C:\Program Files\Eclipse Adoptium\jdk-11.0.14.101-hotspot\bin;C:\WINDOWS\system32;C:\WINDOWS;C:\WINDOWS\System32\Wbem;C:\WINDOWS\System32\WindowsPowerShell\v1.0\;C:\WINDOWS\System32\OpenSSH\;C:\Users\jcapitan\AppData\Roaming\nvm;C:\Program Files\nodejs;C:\Program Files\Git\cmd;C:\Program Files\TortoiseSVN\bin;C:\Program Files\PuTTY\;C:\Users\jcapitan\AppData\Local\Microsoft\WindowsApps;C:\Users\jcapitan\AppData\Roaming\nvm;C:\Program Files\nodejs;C:\Users\jcapitan\AppData\Local\Programs\Microsoft VS Code\bin;C:\Users\jcapitan\Desktop;
USERNAME=jcapitan
OS=Windows_NT
PROCESSOR_IDENTIFIER=Intel64 Family 6 Model 142 Stepping 10, GenuineIntel



---------------  S Y S T E M  ---------------

OS:
 Windows 10 , 64 bit Build 19041 (10.0.19041.1645)
OS uptime: 4 days 4:15 hours

CPU: total 8 (initial active 8) (4 cores per cpu, 2 threads per core) family 6 model 142 stepping 10 microcode 0xec, cx8, cmov, fxsr, ht, mmx, 3dnowpref, sse, sse2, sse3, ssse3, sse4.1, sse4.2, popcnt, lzcnt, tsc, tscinvbit, avx, avx2, aes, erms, clmul, bmi1, bmi2, rtm, adx, fma, vzeroupper, clflush, clflushopt

Memory: 4k page, system-wide physical 8035M (449M free)
TotalPageFile size 32611M (AvailPageFile size 20M)
current process WorkingSet (physical memory assigned to process): 374M, peak: 374M
current process commit charge ("private bytes"): 411M, peak: 411M

vm_info: OpenJDK 64-Bit Server VM (17.0.2+8) for windows-amd64 JRE (17.0.2+8), built on Jan 20 2022 04:52:34 by "" with MS VC++ 16.7 (VS2019)

END.
