#
# There is insufficient memory for the Java Runtime Environment to continue.
# Native memory allocation (mmap) failed to map 229638144 bytes for G1 virtual space
# Possible reasons:
#   The system is out of physical RAM or swap space
#   The process is running with CompressedOops enabled, and the Java Heap may be blocking the growth of the native heap
# Possible solutions:
#   Reduce memory load on the system
#   Increase physical memory or swap space
#   Check if swap backing store is full
#   Decrease Java heap size (-Xmx/-Xms)
#   Decrease number of Java threads
#   Decrease Java thread stack sizes (-Xss)
#   Set larger code cache with -XX:ReservedCodeCacheSize=
#   JVM is running with Unscaled Compressed Oops mode in which the Java heap is
#     placed in the first 4GB address space. The Java Heap base address is the
#     maximum limit for the native heap growth. Please use -XX:HeapBaseMinAddress
#     to set the Java Heap base and to place the Java Heap above 4GB virtual address.
# This output file may be truncated or incomplete.
#
#  Out of Memory Error (os_windows.cpp:3532), pid=13428, tid=9292
#
# JRE version: OpenJDK Runtime Environment Temurin-17.0.2+8 (17.0.2+8) (build 17.0.2+8)
# Java VM: OpenJDK 64-Bit Server VM Temurin-17.0.2+8 (17.0.2+8, mixed mode, tiered, compressed oops, compressed class ptrs, g1 gc, windows-amd64)
# No core dump will be written. Minidumps are not enabled by default on client versions of Windows
#

---------------  S U M M A R Y ------------

Command Line: -Dmaven.home=EMBEDDED -Dclassworlds.conf=C:\Users\jcapitan\eclipse-workspace\.metadata\.plugins\org.eclipse.m2e.launching\launches\m2conf12616619566539018022.tmp -Dm2e.workspace.state=C:\Users\jcapitan\eclipse-workspace\.metadata\.plugins\org.eclipse.m2e.core\workspacestate.properties -Dmaven.multiModuleProjectDirectory=C:\Users\jcapitan\eclipse-workspace\ivn-back -Dfile.encoding=Cp1252 -XX:+ShowCodeDetailsInExceptionMessages org.codehaus.plexus.classworlds.launcher.Launcher -Ddebug=53448 -B compile quarkus:dev

Host: Intel(R) Core(TM) i5-8350U CPU @ 1.70GHz, 8 cores, 7G,  Windows 10 , 64 bit Build 19041 (10.0.19041.1645)
Time: Tue May 10 12:10:04 2022 Hora de verano romance elapsed time: 9.517756 seconds (0d 0h 0m 9s)

---------------  T H R E A D  ---------------

Current thread (0x000002359f85ad10):  VMThread "VM Thread" [stack: 0x0000004718300000,0x0000004718400000] [id=9292]

Stack: [0x0000004718300000,0x0000004718400000]
Native frames: (J=compiled Java code, j=interpreted, Vv=VM code, C=native code)
V  [jvm.dll+0x67564a]
V  [jvm.dll+0x82fc04]
V  [jvm.dll+0x8313ae]
V  [jvm.dll+0x831a13]
V  [jvm.dll+0x245235]
V  [jvm.dll+0x672539]
V  [jvm.dll+0x666e82]
V  [jvm.dll+0x30401b]
V  [jvm.dll+0x30b566]
V  [jvm.dll+0x35b1fe]
V  [jvm.dll+0x35b42f]
V  [jvm.dll+0x2daf58]
V  [jvm.dll+0x2d920c]
V  [jvm.dll+0x2d87dc]
V  [jvm.dll+0x31c61b]
V  [jvm.dll+0x835ebb]
V  [jvm.dll+0x836bf4]
V  [jvm.dll+0x83710c]
V  [jvm.dll+0x8374e4]
V  [jvm.dll+0x8375b0]
V  [jvm.dll+0x7dff2a]
V  [jvm.dll+0x6744d5]
C  [ucrtbase.dll+0x21bb2]
C  [KERNEL32.DLL+0x17034]
C  [ntdll.dll+0x52651]

VM_Operation (0x0000004717dfd000): G1CollectForAllocation, mode: safepoint, requested by thread 0x00000235851139e0


---------------  P R O C E S S  ---------------

Threads class SMR info:
_java_thread_list=0x00000235a38c3630, length=13, elements={
0x00000235851139e0, 0x000002359c71e990, 0x000002359f825de0, 0x000002359f8a5220,
0x000002359f8a5ae0, 0x000002359f8aed20, 0x000002359f8b3050, 0x000002359f8b91d0,
0x000002359f8b9bc0, 0x000002359f8bc5c0, 0x000002359f98cc60, 0x000002359f98d130,
0x00000235a1933ee0
}

Java Threads: ( => current thread )
  0x00000235851139e0 JavaThread "main" [_thread_blocked, id=19152, stack(0x0000004717d00000,0x0000004717e00000)]
  0x000002359c71e990 JavaThread "Reference Handler" daemon [_thread_blocked, id=15504, stack(0x0000004718400000,0x0000004718500000)]
  0x000002359f825de0 JavaThread "Finalizer" daemon [_thread_blocked, id=26104, stack(0x0000004718500000,0x0000004718600000)]
  0x000002359f8a5220 JavaThread "Signal Dispatcher" daemon [_thread_blocked, id=15604, stack(0x0000004718600000,0x0000004718700000)]
  0x000002359f8a5ae0 JavaThread "Attach Listener" daemon [_thread_blocked, id=4644, stack(0x0000004718700000,0x0000004718800000)]
  0x000002359f8aed20 JavaThread "Service Thread" daemon [_thread_blocked, id=9316, stack(0x0000004718800000,0x0000004718900000)]
  0x000002359f8b3050 JavaThread "Monitor Deflation Thread" daemon [_thread_blocked, id=21060, stack(0x0000004718900000,0x0000004718a00000)]
  0x000002359f8b91d0 JavaThread "C2 CompilerThread0" daemon [_thread_blocked, id=15476, stack(0x0000004718a00000,0x0000004718b00000)]
  0x000002359f8b9bc0 JavaThread "C1 CompilerThread0" daemon [_thread_blocked, id=18548, stack(0x0000004718b00000,0x0000004718c00000)]
  0x000002359f8bc5c0 JavaThread "Sweeper thread" daemon [_thread_blocked, id=24784, stack(0x0000004718c00000,0x0000004718d00000)]
  0x000002359f98cc60 JavaThread "Notification Thread" daemon [_thread_blocked, id=3104, stack(0x0000004718d00000,0x0000004718e00000)]
  0x000002359f98d130 JavaThread "Common-Cleaner" daemon [_thread_blocked, id=25240, stack(0x0000004718f00000,0x0000004719000000)]
  0x00000235a1933ee0 JavaThread "C2 CompilerThread1" daemon [_thread_blocked, id=17200, stack(0x0000004719000000,0x0000004719100000)]

Other Threads:
=>0x000002359f85ad10 VMThread "VM Thread" [stack: 0x0000004718300000,0x0000004718400000] [id=9292]
  0x000002359c532680 WatcherThread [stack: 0x0000004718e00000,0x0000004718f00000] [id=20600]
  0x000002358514fe50 GCTaskThread "GC Thread#0" [stack: 0x0000004717e00000,0x0000004717f00000] [id=5736]
  0x00000235a051eb50 GCTaskThread "GC Thread#1" [stack: 0x0000004719100000,0x0000004719200000] [id=24076]
  0x00000235a12d6020 GCTaskThread "GC Thread#2" [stack: 0x0000004719200000,0x0000004719300000] [id=14992]
  0x00000235a10394d0 GCTaskThread "GC Thread#3" [stack: 0x0000004719300000,0x0000004719400000] [id=25960]
  0x00000235a1039780 GCTaskThread "GC Thread#4" [stack: 0x0000004719400000,0x0000004719500000] [id=13588]
  0x00000235a046f2a0 GCTaskThread "GC Thread#5" [stack: 0x0000004719500000,0x0000004719600000] [id=24860]
  0x00000235a046f960 GCTaskThread "GC Thread#6" [stack: 0x0000004719600000,0x0000004719700000] [id=15760]
  0x00000235a1908870 GCTaskThread "GC Thread#7" [stack: 0x0000004719700000,0x0000004719800000] [id=22260]
  0x000002359c523f60 ConcurrentGCThread "G1 Main Marker" [stack: 0x0000004717f00000,0x0000004718000000] [id=16220]
  0x000002358515d190 ConcurrentGCThread "G1 Conc#0" [stack: 0x0000004718000000,0x0000004718100000] [id=8340]
  0x00000235a28c6af0 ConcurrentGCThread "G1 Conc#1" [stack: 0x0000004719800000,0x0000004719900000] [id=26004]
  0x000002359c5af540 ConcurrentGCThread "G1 Refine#0" [stack: 0x0000004718100000,0x0000004718200000] [id=18304]
  0x00000235a348d5d0 ConcurrentGCThread "G1 Refine#1" [stack: 0x0000004719900000,0x0000004719a00000] [id=18540]
  0x00000235a31d6ba0 ConcurrentGCThread "G1 Refine#2" [stack: 0x0000004719a00000,0x0000004719b00000] [id=8084]
  0x00000235a1b9b210 ConcurrentGCThread "G1 Refine#3" [stack: 0x0000004719b00000,0x0000004719c00000] [id=272]
  0x000002359c5aff60 ConcurrentGCThread "G1 Service" [stack: 0x0000004718200000,0x0000004718300000] [id=23996]

Threads with active compile tasks:
C2 CompilerThread0     9924 5439       4       java.time.zone.ZoneRules::findTransitionArray (89 bytes)
C2 CompilerThread1     9924 5365   !   4       java.nio.file.FileTreeWalker::next (144 bytes)

VM state: at safepoint (normal execution)

VM Mutex/Monitor currently owned by a thread:  ([mutex/lock_event])
[0x00000235851125a0] Threads_lock - owner thread: 0x000002359f85ad10
[0x0000023585111ca0] Heap_lock - owner thread: 0x00000235851139e0

Heap address: 0x0000000082600000, size: 2010 MB, Compressed Oops mode: 32-bit

CDS archive(s) not mapped
Compressed class space mapped at: 0x0000000100000000-0x0000000140000000, reserved size: 1073741824
Narrow klass base: 0x0000000000000000, Narrow klass shift: 3, Narrow klass range: 0x140000000

GC Precious Log:
 CPUs: 8 total, 8 available
 Memory: 8035M
 Large Page Support: Disabled
 NUMA Support: Disabled
 Compressed Oops: Enabled (32-bit)
 Heap Region Size: 1M
 Heap Min Capacity: 8M
 Heap Initial Capacity: 126M
 Heap Max Capacity: 2010M
 Pre-touch: Disabled
 Parallel Workers: 8
 Concurrent Workers: 2
 Concurrent Refinement Workers: 8
 Periodic GC: Disabled

Heap:
 garbage-first heap   total 174080K, used 107777K [0x0000000082600000, 0x0000000100000000)
  region size 1024K, 1 young (1024K), 1 survivors (1024K)
 Metaspace       used 26011K, committed 26304K, reserved 1073152K
  class space    used 2612K, committed 2752K, reserved 1048576K

Heap Regions: E=young(eden), S=young(survivor), O=old, HS=humongous(starts), HC=humongous(continues), CS=collection set, F=free, OA=open archive, CA=closed archive, TAMS=top-at-mark-start (previous, next)
|   0|0x0000000082600000, 0x0000000082700000, 0x0000000082700000|100%| O|  |TAMS 0x0000000082700000, 0x0000000082600000| Untracked 
|   1|0x0000000082700000, 0x0000000082800000, 0x0000000082800000|100%| O|  |TAMS 0x0000000082800000, 0x0000000082700000| Untracked 
|   2|0x0000000082800000, 0x0000000082900000, 0x0000000082900000|100%| O|  |TAMS 0x0000000082900000, 0x0000000082800000| Untracked 
|   3|0x0000000082900000, 0x0000000082a00000, 0x0000000082a00000|100%| O|  |TAMS 0x0000000082a00000, 0x0000000082900000| Untracked 
|   4|0x0000000082a00000, 0x0000000082b00000, 0x0000000082b00000|100%| O|  |TAMS 0x0000000082b00000, 0x0000000082a00000| Untracked 
|   5|0x0000000082b00000, 0x0000000082c00000, 0x0000000082c00000|100%| O|  |TAMS 0x0000000082c00000, 0x0000000082b00000| Untracked 
|   6|0x0000000082c00000, 0x0000000082d00000, 0x0000000082d00000|100%| O|  |TAMS 0x0000000082d00000, 0x0000000082c00000| Untracked 
|   7|0x0000000082d00000, 0x0000000082e00000, 0x0000000082e00000|100%| O|  |TAMS 0x0000000082e00000, 0x0000000082d00000| Untracked 
|   8|0x0000000082e00000, 0x0000000082f00000, 0x0000000082f00000|100%| O|  |TAMS 0x0000000082f00000, 0x0000000082e00000| Untracked 
|   9|0x0000000082f00000, 0x0000000083000000, 0x0000000083000000|100%| O|  |TAMS 0x0000000083000000, 0x0000000082f00000| Untracked 
|  10|0x0000000083000000, 0x0000000083100000, 0x0000000083100000|100%| O|  |TAMS 0x0000000083100000, 0x0000000083000000| Untracked 
|  11|0x0000000083100000, 0x0000000083200000, 0x0000000083200000|100%| O|  |TAMS 0x0000000083200000, 0x0000000083100000| Untracked 
|  12|0x0000000083200000, 0x00000000832ad200, 0x0000000083300000| 67%| O|  |TAMS 0x00000000832ad200, 0x0000000083200000| Untracked 
|  13|0x0000000083300000, 0x0000000083400000, 0x0000000083400000|100%| O|  |TAMS 0x0000000083400000, 0x0000000083300000| Untracked 
|  14|0x0000000083400000, 0x0000000083500000, 0x0000000083500000|100%| O|  |TAMS 0x0000000083500000, 0x0000000083400000| Untracked 
|  15|0x0000000083500000, 0x0000000083600000, 0x0000000083600000|100%| O|  |TAMS 0x0000000083600000, 0x0000000083500000| Untracked 
|  16|0x0000000083600000, 0x0000000083700000, 0x0000000083700000|100%| O|  |TAMS 0x0000000083700000, 0x0000000083600000| Untracked 
|  17|0x0000000083700000, 0x0000000083800000, 0x0000000083800000|100%| O|  |TAMS 0x0000000083800000, 0x0000000083700000| Untracked 
|  18|0x0000000083800000, 0x0000000083900000, 0x0000000083900000|100%| O|  |TAMS 0x0000000083900000, 0x0000000083800000| Untracked 
|  19|0x0000000083900000, 0x0000000083a00000, 0x0000000083a00000|100%| O|  |TAMS 0x0000000083a00000, 0x0000000083900000| Untracked 
|  20|0x0000000083a00000, 0x0000000083b00000, 0x0000000083b00000|100%| O|  |TAMS 0x0000000083b00000, 0x0000000083a00000| Untracked 
|  21|0x0000000083b00000, 0x0000000083c00000, 0x0000000083c00000|100%| O|  |TAMS 0x0000000083c00000, 0x0000000083b00000| Untracked 
|  22|0x0000000083c00000, 0x0000000083d00000, 0x0000000083d00000|100%| O|  |TAMS 0x0000000083d00000, 0x0000000083c00000| Untracked 
|  23|0x0000000083d00000, 0x0000000083e00000, 0x0000000083e00000|100%| O|  |TAMS 0x0000000083e00000, 0x0000000083d00000| Untracked 
|  24|0x0000000083e00000, 0x0000000083f00000, 0x0000000083f00000|100%| O|  |TAMS 0x0000000083f00000, 0x0000000083e00000| Untracked 
|  25|0x0000000083f00000, 0x0000000084000000, 0x0000000084000000|100%| O|  |TAMS 0x0000000084000000, 0x0000000083f00000| Untracked 
|  26|0x0000000084000000, 0x0000000084100000, 0x0000000084100000|100%| O|  |TAMS 0x0000000084100000, 0x0000000084000000| Untracked 
|  27|0x0000000084100000, 0x0000000084200000, 0x0000000084200000|100%| O|  |TAMS 0x0000000084200000, 0x0000000084100000| Untracked 
|  28|0x0000000084200000, 0x0000000084300000, 0x0000000084300000|100%| O|  |TAMS 0x0000000084300000, 0x0000000084200000| Untracked 
|  29|0x0000000084300000, 0x0000000084400000, 0x0000000084400000|100%|HS|  |TAMS 0x0000000084300000, 0x0000000084300000| Complete 
|  30|0x0000000084400000, 0x0000000084500000, 0x0000000084500000|100%| O|  |TAMS 0x0000000084500000, 0x0000000084400000| Untracked 
|  31|0x0000000084500000, 0x0000000084600000, 0x0000000084600000|100%| O|  |TAMS 0x0000000084600000, 0x0000000084500000| Untracked 
|  32|0x0000000084600000, 0x0000000084700000, 0x0000000084700000|100%| O|  |TAMS 0x0000000084700000, 0x0000000084600000| Untracked 
|  33|0x0000000084700000, 0x0000000084800000, 0x0000000084800000|100%| O|  |TAMS 0x0000000084800000, 0x0000000084700000| Untracked 
|  34|0x0000000084800000, 0x0000000084900000, 0x0000000084900000|100%| O|  |TAMS 0x0000000084900000, 0x0000000084800000| Untracked 
|  35|0x0000000084900000, 0x0000000084a00000, 0x0000000084a00000|100%| O|  |TAMS 0x0000000084a00000, 0x0000000084900000| Untracked 
|  36|0x0000000084a00000, 0x0000000084b00000, 0x0000000084b00000|100%| O|  |TAMS 0x0000000084b00000, 0x0000000084a00000| Untracked 
|  37|0x0000000084b00000, 0x0000000084c00000, 0x0000000084c00000|100%| O|  |TAMS 0x0000000084c00000, 0x0000000084b00000| Untracked 
|  38|0x0000000084c00000, 0x0000000084d00000, 0x0000000084d00000|100%| O|  |TAMS 0x0000000084d00000, 0x0000000084c00000| Untracked 
|  39|0x0000000084d00000, 0x0000000084e00000, 0x0000000084e00000|100%| O|  |TAMS 0x0000000084e00000, 0x0000000084d00000| Untracked 
|  40|0x0000000084e00000, 0x0000000084f00000, 0x0000000084f00000|100%| O|  |TAMS 0x0000000084f00000, 0x0000000084e00000| Untracked 
|  41|0x0000000084f00000, 0x0000000085000000, 0x0000000085000000|100%| O|  |TAMS 0x0000000084f00000, 0x0000000084f00000| Untracked 
|  42|0x0000000085000000, 0x0000000085100000, 0x0000000085100000|100%| O|  |TAMS 0x0000000085100000, 0x0000000085000000| Untracked 
|  43|0x0000000085100000, 0x0000000085200000, 0x0000000085200000|100%| O|  |TAMS 0x0000000085200000, 0x0000000085100000| Untracked 
|  44|0x0000000085200000, 0x0000000085300000, 0x0000000085300000|100%| O|  |TAMS 0x0000000085300000, 0x0000000085200000| Untracked 
|  45|0x0000000085300000, 0x0000000085400000, 0x0000000085400000|100%| O|  |TAMS 0x0000000085400000, 0x0000000085300000| Untracked 
|  46|0x0000000085400000, 0x0000000085500000, 0x0000000085500000|100%| O|  |TAMS 0x0000000085500000, 0x0000000085400000| Untracked 
|  47|0x0000000085500000, 0x0000000085600000, 0x0000000085600000|100%| O|  |TAMS 0x0000000085600000, 0x0000000085500000| Untracked 
|  48|0x0000000085600000, 0x0000000085600000, 0x0000000085700000|  0%| F|  |TAMS 0x0000000085600000, 0x0000000085600000| Untracked 
|  49|0x0000000085700000, 0x0000000085800000, 0x0000000085800000|100%| O|  |TAMS 0x0000000085800000, 0x0000000085700000| Untracked 
|  50|0x0000000085800000, 0x0000000085900000, 0x0000000085900000|100%| O|  |TAMS 0x0000000085900000, 0x0000000085800000| Untracked 
|  51|0x0000000085900000, 0x0000000085a00000, 0x0000000085a00000|100%| O|  |TAMS 0x0000000085a00000, 0x0000000085900000| Untracked 
|  52|0x0000000085a00000, 0x0000000085b00000, 0x0000000085b00000|100%| O|  |TAMS 0x0000000085b00000, 0x0000000085a00000| Untracked 
|  53|0x0000000085b00000, 0x0000000085c00000, 0x0000000085c00000|100%| O|  |TAMS 0x0000000085c00000, 0x0000000085b00000| Untracked 
|  54|0x0000000085c00000, 0x0000000085d00000, 0x0000000085d00000|100%| O|  |TAMS 0x0000000085d00000, 0x0000000085c00000| Untracked 
|  55|0x0000000085d00000, 0x0000000085e00000, 0x0000000085e00000|100%| O|  |TAMS 0x0000000085e00000, 0x0000000085d00000| Untracked 
|  56|0x0000000085e00000, 0x0000000085f00000, 0x0000000085f00000|100%| O|  |TAMS 0x0000000085f00000, 0x0000000085e00000| Untracked 
|  57|0x0000000085f00000, 0x0000000086000000, 0x0000000086000000|100%| O|  |TAMS 0x0000000086000000, 0x0000000085f00000| Untracked 
|  58|0x0000000086000000, 0x0000000086100000, 0x0000000086100000|100%| O|  |TAMS 0x0000000086100000, 0x0000000086000000| Untracked 
|  59|0x0000000086100000, 0x0000000086100000, 0x0000000086200000|  0%| F|  |TAMS 0x0000000086100000, 0x0000000086100000| Untracked 
|  60|0x0000000086200000, 0x0000000086300000, 0x0000000086300000|100%| O|  |TAMS 0x0000000086300000, 0x0000000086200000| Untracked 
|  61|0x0000000086300000, 0x0000000086400000, 0x0000000086400000|100%| O|  |TAMS 0x0000000086400000, 0x0000000086300000| Untracked 
|  62|0x0000000086400000, 0x0000000086500000, 0x0000000086500000|100%| O|  |TAMS 0x0000000086500000, 0x0000000086400000| Untracked 
|  63|0x0000000086500000, 0x0000000086600000, 0x0000000086600000|100%| O|  |TAMS 0x0000000086600000, 0x0000000086500000| Untracked 
|  64|0x0000000086600000, 0x0000000086700000, 0x0000000086700000|100%| O|  |TAMS 0x0000000086700000, 0x0000000086600000| Untracked 
|  65|0x0000000086700000, 0x0000000086800000, 0x0000000086800000|100%| O|  |TAMS 0x0000000086800000, 0x0000000086700000| Untracked 
|  66|0x0000000086800000, 0x0000000086900000, 0x0000000086900000|100%| O|  |TAMS 0x0000000086900000, 0x0000000086800000| Untracked 
|  67|0x0000000086900000, 0x0000000086a00000, 0x0000000086a00000|100%| O|  |TAMS 0x0000000086a00000, 0x0000000086900000| Untracked 
|  68|0x0000000086a00000, 0x0000000086b00000, 0x0000000086b00000|100%| O|  |TAMS 0x0000000086b00000, 0x0000000086a00000| Untracked 
|  69|0x0000000086b00000, 0x0000000086c00000, 0x0000000086c00000|100%| O|  |TAMS 0x0000000086c00000, 0x0000000086b00000| Untracked 
|  70|0x0000000086c00000, 0x0000000086d00000, 0x0000000086d00000|100%| O|  |TAMS 0x0000000086d00000, 0x0000000086c00000| Untracked 
|  71|0x0000000086d00000, 0x0000000086e00000, 0x0000000086e00000|100%| O|  |TAMS 0x0000000086e00000, 0x0000000086d00000| Untracked 
|  72|0x0000000086e00000, 0x0000000086f00000, 0x0000000086f00000|100%| O|  |TAMS 0x0000000086f00000, 0x0000000086e00000| Untracked 
|  73|0x0000000086f00000, 0x0000000087000000, 0x0000000087000000|100%| O|  |TAMS 0x0000000087000000, 0x0000000086f00000| Untracked 
|  74|0x0000000087000000, 0x0000000087100000, 0x0000000087100000|100%| O|  |TAMS 0x0000000087100000, 0x0000000087000000| Untracked 
|  75|0x0000000087100000, 0x0000000087200000, 0x0000000087200000|100%| O|  |TAMS 0x0000000087200000, 0x0000000087100000| Untracked 
|  76|0x0000000087200000, 0x0000000087300000, 0x0000000087300000|100%| O|  |TAMS 0x0000000087300000, 0x0000000087200000| Untracked 
|  77|0x0000000087300000, 0x0000000087400000, 0x0000000087400000|100%| O|  |TAMS 0x0000000087400000, 0x0000000087300000| Untracked 
|  78|0x0000000087400000, 0x0000000087500000, 0x0000000087500000|100%| O|  |TAMS 0x0000000087500000, 0x0000000087400000| Untracked 
|  79|0x0000000087500000, 0x0000000087600000, 0x0000000087600000|100%| O|  |TAMS 0x0000000087600000, 0x0000000087500000| Untracked 
|  80|0x0000000087600000, 0x0000000087700000, 0x0000000087700000|100%| O|  |TAMS 0x0000000087700000, 0x0000000087600000| Untracked 
|  81|0x0000000087700000, 0x0000000087800000, 0x0000000087800000|100%| O|  |TAMS 0x0000000087800000, 0x0000000087700000| Untracked 
|  82|0x0000000087800000, 0x0000000087900000, 0x0000000087900000|100%| O|  |TAMS 0x0000000087900000, 0x0000000087800000| Untracked 
|  83|0x0000000087900000, 0x0000000087a00000, 0x0000000087a00000|100%| O|  |TAMS 0x0000000087a00000, 0x0000000087900000| Untracked 
|  84|0x0000000087a00000, 0x0000000087b00000, 0x0000000087b00000|100%| O|  |TAMS 0x0000000087b00000, 0x0000000087a00000| Untracked 
|  85|0x0000000087b00000, 0x0000000087c00000, 0x0000000087c00000|100%| O|  |TAMS 0x0000000087c00000, 0x0000000087b00000| Untracked 
|  86|0x0000000087c00000, 0x0000000087d00000, 0x0000000087d00000|100%| O|  |TAMS 0x0000000087c6da00, 0x0000000087c00000| Untracked 
|  87|0x0000000087d00000, 0x0000000087e00000, 0x0000000087e00000|100%|HS|  |TAMS 0x0000000087d00000, 0x0000000087d00000| Complete 
|  88|0x0000000087e00000, 0x0000000087f00000, 0x0000000087f00000|100%|HC|  |TAMS 0x0000000087e00000, 0x0000000087e00000| Complete 
|  89|0x0000000087f00000, 0x0000000088000000, 0x0000000088000000|100%| O|  |TAMS 0x0000000087f00000, 0x0000000087f00000| Untracked 
|  90|0x0000000088000000, 0x0000000088100000, 0x0000000088100000|100%| O|  |TAMS 0x0000000088000000, 0x0000000088000000| Untracked 
|  91|0x0000000088100000, 0x0000000088200000, 0x0000000088200000|100%| O|  |TAMS 0x0000000088100000, 0x0000000088100000| Untracked 
|  92|0x0000000088200000, 0x0000000088300000, 0x0000000088300000|100%| O|  |TAMS 0x0000000088200000, 0x0000000088200000| Untracked 
|  93|0x0000000088300000, 0x0000000088400000, 0x0000000088400000|100%| O|  |TAMS 0x0000000088300000, 0x0000000088300000| Untracked 
|  94|0x0000000088400000, 0x0000000088500000, 0x0000000088500000|100%| O|  |TAMS 0x0000000088400000, 0x0000000088400000| Untracked 
|  95|0x0000000088500000, 0x0000000088600000, 0x0000000088600000|100%| O|  |TAMS 0x0000000088500000, 0x0000000088500000| Untracked 
|  96|0x0000000088600000, 0x0000000088700000, 0x0000000088700000|100%| O|  |TAMS 0x0000000088600000, 0x0000000088600000| Untracked 
|  97|0x0000000088700000, 0x0000000088800000, 0x0000000088800000|100%| O|  |TAMS 0x0000000088700000, 0x0000000088700000| Untracked 
|  98|0x0000000088800000, 0x0000000088900000, 0x0000000088900000|100%| O|  |TAMS 0x0000000088800000, 0x0000000088800000| Untracked 
|  99|0x0000000088900000, 0x0000000088a00000, 0x0000000088a00000|100%| O|  |TAMS 0x0000000088900000, 0x0000000088900000| Untracked 
| 100|0x0000000088a00000, 0x0000000088b00000, 0x0000000088b00000|100%| O|  |TAMS 0x0000000088a00000, 0x0000000088a00000| Untracked 
| 101|0x0000000088b00000, 0x0000000088c00000, 0x0000000088c00000|100%| O|  |TAMS 0x0000000088b00000, 0x0000000088b00000| Untracked 
| 102|0x0000000088c00000, 0x0000000088d00000, 0x0000000088d00000|100%| O|  |TAMS 0x0000000088c00000, 0x0000000088c00000| Untracked 
| 103|0x0000000088d00000, 0x0000000088e00000, 0x0000000088e00000|100%| O|  |TAMS 0x0000000088d00000, 0x0000000088d00000| Untracked 
| 104|0x0000000088e00000, 0x0000000088f00000, 0x0000000088f00000|100%| O|  |TAMS 0x0000000088e00000, 0x0000000088e00000| Untracked 
| 105|0x0000000088f00000, 0x0000000089000000, 0x0000000089000000|100%| O|  |TAMS 0x0000000088f00000, 0x0000000088f00000| Untracked 
| 106|0x0000000089000000, 0x00000000890bda00, 0x0000000089100000| 74%| O|  |TAMS 0x0000000089000000, 0x0000000089000000| Untracked 
| 107|0x0000000089100000, 0x0000000089100000, 0x0000000089200000|  0%| F|  |TAMS 0x0000000089100000, 0x0000000089100000| Untracked 
| 108|0x0000000089200000, 0x0000000089200000, 0x0000000089300000|  0%| F|  |TAMS 0x0000000089200000, 0x0000000089200000| Untracked 
| 109|0x0000000089300000, 0x0000000089300000, 0x0000000089400000|  0%| F|  |TAMS 0x0000000089300000, 0x0000000089300000| Untracked 
| 110|0x0000000089400000, 0x0000000089400000, 0x0000000089500000|  0%| F|  |TAMS 0x0000000089400000, 0x0000000089400000| Untracked 
| 111|0x0000000089500000, 0x0000000089500000, 0x0000000089600000|  0%| F|  |TAMS 0x0000000089500000, 0x0000000089500000| Untracked 
| 112|0x0000000089600000, 0x0000000089600000, 0x0000000089700000|  0%| F|  |TAMS 0x0000000089600000, 0x0000000089600000| Untracked 
| 113|0x0000000089700000, 0x0000000089700000, 0x0000000089800000|  0%| F|  |TAMS 0x0000000089700000, 0x0000000089700000| Untracked 
| 114|0x0000000089800000, 0x0000000089800000, 0x0000000089900000|  0%| F|  |TAMS 0x0000000089800000, 0x0000000089800000| Untracked 
| 115|0x0000000089900000, 0x0000000089900000, 0x0000000089a00000|  0%| F|  |TAMS 0x0000000089900000, 0x0000000089900000| Untracked 
| 116|0x0000000089a00000, 0x0000000089a00000, 0x0000000089b00000|  0%| F|  |TAMS 0x0000000089a00000, 0x0000000089a00000| Untracked 
| 117|0x0000000089b00000, 0x0000000089b00000, 0x0000000089c00000|  0%| F|  |TAMS 0x0000000089b00000, 0x0000000089b00000| Untracked 
| 118|0x0000000089c00000, 0x0000000089c00000, 0x0000000089d00000|  0%| F|  |TAMS 0x0000000089c00000, 0x0000000089c00000| Untracked 
| 119|0x0000000089d00000, 0x0000000089d00000, 0x0000000089e00000|  0%| F|  |TAMS 0x0000000089d00000, 0x0000000089d00000| Untracked 
| 120|0x0000000089e00000, 0x0000000089e00000, 0x0000000089f00000|  0%| F|  |TAMS 0x0000000089e00000, 0x0000000089e00000| Untracked 
| 121|0x0000000089f00000, 0x0000000089f00000, 0x000000008a000000|  0%| F|  |TAMS 0x0000000089f00000, 0x0000000089f00000| Untracked 
| 122|0x000000008a000000, 0x000000008a000000, 0x000000008a100000|  0%| F|  |TAMS 0x000000008a000000, 0x000000008a000000| Untracked 
| 123|0x000000008a100000, 0x000000008a100000, 0x000000008a200000|  0%| F|  |TAMS 0x000000008a100000, 0x000000008a100000| Untracked 
| 124|0x000000008a200000, 0x000000008a200000, 0x000000008a300000|  0%| F|  |TAMS 0x000000008a200000, 0x000000008a200000| Untracked 
| 125|0x000000008a300000, 0x000000008a300000, 0x000000008a400000|  0%| F|  |TAMS 0x000000008a300000, 0x000000008a300000| Untracked 
| 126|0x000000008a400000, 0x000000008a400000, 0x000000008a500000|  0%| F|  |TAMS 0x000000008a400000, 0x000000008a400000| Untracked 
| 127|0x000000008a500000, 0x000000008a500000, 0x000000008a600000|  0%| F|  |TAMS 0x000000008a500000, 0x000000008a500000| Untracked 
| 128|0x000000008a600000, 0x000000008a600000, 0x000000008a700000|  0%| F|  |TAMS 0x000000008a600000, 0x000000008a600000| Untracked 
| 129|0x000000008a700000, 0x000000008a700000, 0x000000008a800000|  0%| F|  |TAMS 0x000000008a700000, 0x000000008a700000| Untracked 
| 130|0x000000008a800000, 0x000000008a800000, 0x000000008a900000|  0%| F|  |TAMS 0x000000008a800000, 0x000000008a800000| Untracked 
| 131|0x000000008a900000, 0x000000008a900000, 0x000000008aa00000|  0%| F|  |TAMS 0x000000008a900000, 0x000000008a900000| Untracked 
| 132|0x000000008aa00000, 0x000000008aa00000, 0x000000008ab00000|  0%| F|  |TAMS 0x000000008aa00000, 0x000000008aa00000| Untracked 
| 133|0x000000008ab00000, 0x000000008ab00000, 0x000000008ac00000|  0%| F|  |TAMS 0x000000008ab00000, 0x000000008ab00000| Untracked 
| 134|0x000000008ac00000, 0x000000008ac00000, 0x000000008ad00000|  0%| F|  |TAMS 0x000000008ac00000, 0x000000008ac00000| Untracked 
| 135|0x000000008ad00000, 0x000000008ad00000, 0x000000008ae00000|  0%| F|  |TAMS 0x000000008ad00000, 0x000000008ad00000| Untracked 
| 136|0x000000008ae00000, 0x000000008ae00000, 0x000000008af00000|  0%| F|  |TAMS 0x000000008ae00000, 0x000000008ae00000| Untracked 
| 137|0x000000008af00000, 0x000000008af00000, 0x000000008b000000|  0%| F|  |TAMS 0x000000008af00000, 0x000000008af00000| Untracked 
| 138|0x000000008b000000, 0x000000008b000000, 0x000000008b100000|  0%| F|  |TAMS 0x000000008b000000, 0x000000008b000000| Untracked 
| 139|0x000000008b100000, 0x000000008b100000, 0x000000008b200000|  0%| F|  |TAMS 0x000000008b100000, 0x000000008b100000| Untracked 
| 140|0x000000008b200000, 0x000000008b200000, 0x000000008b300000|  0%| F|  |TAMS 0x000000008b200000, 0x000000008b200000| Untracked 
| 141|0x000000008b300000, 0x000000008b300000, 0x000000008b400000|  0%| F|  |TAMS 0x000000008b300000, 0x000000008b300000| Untracked 
| 142|0x000000008b400000, 0x000000008b400000, 0x000000008b500000|  0%| F|  |TAMS 0x000000008b400000, 0x000000008b400000| Untracked 
| 143|0x000000008b500000, 0x000000008b500000, 0x000000008b600000|  0%| F|  |TAMS 0x000000008b500000, 0x000000008b500000| Untracked 
| 144|0x000000008b600000, 0x000000008b600000, 0x000000008b700000|  0%| F|  |TAMS 0x000000008b600000, 0x000000008b600000| Untracked 
| 145|0x000000008b700000, 0x000000008b700000, 0x000000008b800000|  0%| F|  |TAMS 0x000000008b700000, 0x000000008b700000| Untracked 
| 146|0x000000008b800000, 0x000000008b800000, 0x000000008b900000|  0%| F|  |TAMS 0x000000008b800000, 0x000000008b800000| Untracked 
| 147|0x000000008b900000, 0x000000008b900000, 0x000000008ba00000|  0%| F|  |TAMS 0x000000008b900000, 0x000000008b900000| Untracked 
| 148|0x000000008ba00000, 0x000000008ba00000, 0x000000008bb00000|  0%| F|  |TAMS 0x000000008ba00000, 0x000000008ba00000| Untracked 
| 149|0x000000008bb00000, 0x000000008bb00000, 0x000000008bc00000|  0%| F|  |TAMS 0x000000008bb00000, 0x000000008bb00000| Untracked 
| 150|0x000000008bc00000, 0x000000008bc00000, 0x000000008bd00000|  0%| F|  |TAMS 0x000000008bc00000, 0x000000008bc00000| Untracked 
| 151|0x000000008bd00000, 0x000000008bd00000, 0x000000008be00000|  0%| F|  |TAMS 0x000000008bd00000, 0x000000008bd00000| Untracked 
| 152|0x000000008be00000, 0x000000008be00000, 0x000000008bf00000|  0%| F|  |TAMS 0x000000008be00000, 0x000000008be00000| Untracked 
| 153|0x000000008bf00000, 0x000000008bf00000, 0x000000008c000000|  0%| F|  |TAMS 0x000000008bf00000, 0x000000008bf00000| Untracked 
| 154|0x000000008c000000, 0x000000008c000000, 0x000000008c100000|  0%| F|  |TAMS 0x000000008c000000, 0x000000008c000000| Untracked 
| 155|0x000000008c100000, 0x000000008c100000, 0x000000008c200000|  0%| F|  |TAMS 0x000000008c100000, 0x000000008c100000| Untracked 
| 156|0x000000008c200000, 0x000000008c200000, 0x000000008c300000|  0%| F|  |TAMS 0x000000008c200000, 0x000000008c200000| Untracked 
| 157|0x000000008c300000, 0x000000008c300000, 0x000000008c400000|  0%| F|  |TAMS 0x000000008c300000, 0x000000008c300000| Untracked 
| 158|0x000000008c400000, 0x000000008c400000, 0x000000008c500000|  0%| F|  |TAMS 0x000000008c400000, 0x000000008c400000| Untracked 
| 159|0x000000008c500000, 0x000000008c500000, 0x000000008c600000|  0%| F|  |TAMS 0x000000008c500000, 0x000000008c500000| Untracked 
| 160|0x000000008c600000, 0x000000008c600000, 0x000000008c700000|  0%| F|  |TAMS 0x000000008c600000, 0x000000008c600000| Untracked 
| 161|0x000000008c700000, 0x000000008c700000, 0x000000008c800000|  0%| F|  |TAMS 0x000000008c700000, 0x000000008c700000| Untracked 
| 162|0x000000008c800000, 0x000000008c800000, 0x000000008c900000|  0%| F|  |TAMS 0x000000008c800000, 0x000000008c800000| Untracked 
| 163|0x000000008c900000, 0x000000008c900000, 0x000000008ca00000|  0%| F|  |TAMS 0x000000008c900000, 0x000000008c900000| Untracked 
| 164|0x000000008ca00000, 0x000000008ca00000, 0x000000008cb00000|  0%| F|  |TAMS 0x000000008ca00000, 0x000000008ca00000| Untracked 
| 165|0x000000008cb00000, 0x000000008cb00000, 0x000000008cc00000|  0%| F|  |TAMS 0x000000008cb00000, 0x000000008cb00000| Untracked 
| 166|0x000000008cc00000, 0x000000008cc00000, 0x000000008cd00000|  0%| F|  |TAMS 0x000000008cc00000, 0x000000008cc00000| Untracked 
| 167|0x000000008cd00000, 0x000000008cdd5b80, 0x000000008ce00000| 83%| S|CS|TAMS 0x000000008cd00000, 0x000000008cd00000| Complete 
| 168|0x000000008ce00000, 0x000000008ce00000, 0x000000008cf00000|  0%| F|  |TAMS 0x000000008ce00000, 0x000000008ce00000| Untracked 
| 169|0x000000008cf00000, 0x000000008cf00000, 0x000000008d000000|  0%| F|  |TAMS 0x000000008cf00000, 0x000000008cf00000| Untracked 

Card table byte_map: [0x0000023597e60000,0x0000023598250000] _byte_map_base: 0x0000023597a4d000

Marking Bits (Prev, Next): (CMBitMap*) 0x00000235851504a0, (CMBitMap*) 0x0000023585150460
 Prev Bits: [0x000002359a5b0000, 0x000002359c518000)
 Next Bits: [0x0000023598640000, 0x000002359a5a8000)

Polling page: 0x0000023584860000

Metaspace:

Usage:
  Non-class:     22.85 MB used.
      Class:      2.55 MB used.
       Both:     25.40 MB used.

Virtual space:
  Non-class space:       24.00 MB reserved,      23.00 MB ( 96%) committed,  3 nodes.
      Class space:        1.00 GB reserved,       2.69 MB ( <1%) committed,  1 nodes.
             Both:        1.02 GB reserved,      25.69 MB (  2%) committed. 

Chunk freelists:
   Non-Class:  224.00 KB
       Class:  1.13 MB
        Both:  1.35 MB

MaxMetaspaceSize: unlimited
CompressedClassSpaceSize: 1.00 GB
Initial GC threshold: 21.00 MB
Current GC threshold: 42.19 MB
CDS: off
MetaspaceReclaimPolicy: balanced
 - commit_granule_bytes: 65536.
 - commit_granule_words: 8192.
 - virtual_space_node_default_size: 1048576.
 - enlarge_chunks_in_place: 1.
 - new_chunks_are_fully_committed: 0.
 - uncommit_free_chunks: 1.
 - use_allocation_guard: 0.
 - handle_deallocations: 1.


Internal statistics:

num_allocs_failed_limit: 3.
num_arena_births: 154.
num_arena_deaths: 0.
num_vsnodes_births: 4.
num_vsnodes_deaths: 0.
num_space_committed: 411.
num_space_uncommitted: 0.
num_chunks_returned_to_freelist: 3.
num_chunks_taken_from_freelist: 798.
num_chunk_merges: 3.
num_chunk_splits: 550.
num_chunks_enlarged: 414.
num_purges: 0.
num_inconsistent_stats: 0.

CodeHeap 'non-profiled nmethods': size=120000Kb used=3148Kb max_used=3148Kb free=116852Kb
 bounds [0x0000023590210000, 0x0000023590530000, 0x0000023597740000]
CodeHeap 'profiled nmethods': size=120000Kb used=9077Kb max_used=9702Kb free=110922Kb
 bounds [0x0000023588ce0000, 0x0000023589660000, 0x0000023590210000]
CodeHeap 'non-nmethods': size=5760Kb used=1188Kb max_used=1296Kb free=4571Kb
 bounds [0x0000023588740000, 0x00000235889b0000, 0x0000023588ce0000]
 total_blobs=5104 nmethods=4620 adapters=396
 compilation: enabled
              stopped_count=0, restarted_count=0
 full_count=0

Compilation events (20 events):
Event: 9.472 Thread 0x000002359f8b91d0 nmethod 5364 0x0000023590258d10 code [0x0000023590258ee0, 0x0000023590259898]
Event: 9.472 Thread 0x000002359f8b91d0 5426       4       jdk.nio.zipfs.ZipPath::compareTo (87 bytes)
Event: 9.475 Thread 0x000002359f8b91d0 nmethod 5426 0x00000235903c7110 code [0x00000235903c72a0, 0x00000235903c7478]
Event: 9.475 Thread 0x000002359f8b91d0 5366       4       jdk.nio.zipfs.ZipFileSystem$IndexNode::keyOf (37 bytes)
Event: 9.481 Thread 0x000002359f8b91d0 nmethod 5366 0x0000023590258390 code [0x0000023590258540, 0x00000235902589d8]
Event: 9.481 Thread 0x000002359f8b91d0 5370       4       java.util.function.Function$$Lambda$48/0x0000000100168d80::apply (5 bytes)
Event: 9.481 Thread 0x000002359f8b91d0 nmethod 5370 0x00000235903c6e10 code [0x00000235903c6f80, 0x00000235903c6ff8]
Event: 9.481 Thread 0x000002359f8b91d0 5437       4       java.util.stream.SpinedBuffer::clear (88 bytes)
Event: 9.483 Thread 0x000002359f8b91d0 nmethod 5437 0x00000235903c6810 code [0x00000235903c6980, 0x00000235903c6af8]
Event: 9.483 Thread 0x000002359f8b91d0 5371       4       java.util.Arrays::equals (43 bytes)
Event: 9.484 Thread 0x000002359f8b9bc0 5440       2       io.quarkus.paths.PathTreeVisit::<init> (54 bytes)
Event: 9.485 Thread 0x000002359f8b9bc0 nmethod 5440 0x000002358919ea10 code [0x000002358919ebc0, 0x000002358919ef38]
Event: 9.485 Thread 0x000002359f8b91d0 nmethod 5371 0x0000023590257d10 code [0x0000023590257ea0, 0x0000023590258118]
Event: 9.485 Thread 0x000002359f8b91d0 5439       4       java.time.zone.ZoneRules::findTransitionArray (89 bytes)
Event: 9.505 Thread 0x000002359f8b9bc0 5445   !   2       jdk.nio.zipfs.ZipFileSystem::checkAccess (43 bytes)
Event: 9.506 Thread 0x000002359f8b9bc0 nmethod 5445 0x000002358919dd90 code [0x000002358919dfe0, 0x000002358919e508]
Event: 9.506 Thread 0x000002359f8b9bc0 5446       2       java.util.stream.StreamOpFlag::combineOpFlags (9 bytes)
Event: 9.506 Thread 0x000002359f8b9bc0 nmethod 5446 0x000002358919da10 code [0x000002358919dba0, 0x000002358919dcb8]
Event: 9.506 Thread 0x000002359f8b9bc0 5447       2       java.util.stream.StreamOpFlag::getMask (30 bytes)
Event: 9.506 Thread 0x000002359f8b9bc0 nmethod 5447 0x000002358919d690 code [0x000002358919d820, 0x000002358919d958]

GC Heap History (20 events):
Event: 6.333 GC heap after
{Heap after GC invocations=14 (full 0):
 garbage-first heap   total 133120K, used 55605K [0x0000000082600000, 0x0000000100000000)
  region size 1024K, 6 young (6144K), 6 survivors (6144K)
 Metaspace       used 23828K, committed 24128K, reserved 1073152K
  class space    used 2407K, committed 2560K, reserved 1048576K
}
Event: 7.465 GC heap before
{Heap before GC invocations=14 (full 0):
 garbage-first heap   total 133120K, used 100661K [0x0000000082600000, 0x0000000100000000)
  region size 1024K, 47 young (48128K), 6 survivors (6144K)
 Metaspace       used 25159K, committed 25408K, reserved 1073152K
  class space    used 2534K, committed 2688K, reserved 1048576K
}
Event: 7.476 GC heap after
{Heap after GC invocations=15 (full 0):
 garbage-first heap   total 133120K, used 65403K [0x0000000082600000, 0x0000000100000000)
  region size 1024K, 6 young (6144K), 6 survivors (6144K)
 Metaspace       used 25159K, committed 25408K, reserved 1073152K
  class space    used 2534K, committed 2688K, reserved 1048576K
}
Event: 7.626 GC heap before
{Heap before GC invocations=15 (full 0):
 garbage-first heap   total 133120K, used 100219K [0x0000000082600000, 0x0000000100000000)
  region size 1024K, 40 young (40960K), 6 survivors (6144K)
 Metaspace       used 25199K, committed 25472K, reserved 1073152K
  class space    used 2534K, committed 2688K, reserved 1048576K
}
Event: 7.634 GC heap after
{Heap after GC invocations=16 (full 0):
 garbage-first heap   total 133120K, used 70272K [0x0000000082600000, 0x0000000100000000)
  region size 1024K, 5 young (5120K), 5 survivors (5120K)
 Metaspace       used 25199K, committed 25472K, reserved 1073152K
  class space    used 2534K, committed 2688K, reserved 1048576K
}
Event: 7.783 GC heap before
{Heap before GC invocations=17 (full 0):
 garbage-first heap   total 147456K, used 98944K [0x0000000082600000, 0x0000000100000000)
  region size 1024K, 35 young (35840K), 5 survivors (5120K)
 Metaspace       used 25211K, committed 25472K, reserved 1073152K
  class space    used 2534K, committed 2688K, reserved 1048576K
}
Event: 7.790 GC heap after
{Heap after GC invocations=18 (full 0):
 garbage-first heap   total 147456K, used 73799K [0x0000000082600000, 0x0000000100000000)
  region size 1024K, 5 young (5120K), 5 survivors (5120K)
 Metaspace       used 25211K, committed 25472K, reserved 1073152K
  class space    used 2534K, committed 2688K, reserved 1048576K
}
Event: 7.795 GC heap before
{Heap before GC invocations=18 (full 0):
 garbage-first heap   total 147456K, used 75847K [0x0000000082600000, 0x0000000100000000)
  region size 1024K, 7 young (7168K), 5 survivors (5120K)
 Metaspace       used 25211K, committed 25472K, reserved 1073152K
  class space    used 2534K, committed 2688K, reserved 1048576K
}
Event: 7.799 GC heap after
{Heap after GC invocations=19 (full 0):
 garbage-first heap   total 147456K, used 73740K [0x0000000082600000, 0x0000000100000000)
  region size 1024K, 1 young (1024K), 1 survivors (1024K)
 Metaspace       used 25211K, committed 25472K, reserved 1073152K
  class space    used 2534K, committed 2688K, reserved 1048576K
}
Event: 7.954 GC heap before
{Heap before GC invocations=19 (full 0):
 garbage-first heap   total 147456K, used 110604K [0x0000000082600000, 0x0000000100000000)
  region size 1024K, 37 young (37888K), 1 survivors (1024K)
 Metaspace       used 25218K, committed 25472K, reserved 1073152K
  class space    used 2534K, committed 2688K, reserved 1048576K
}
Event: 7.961 GC heap after
{Heap after GC invocations=20 (full 0):
 garbage-first heap   total 147456K, used 81524K [0x0000000082600000, 0x0000000100000000)
  region size 1024K, 5 young (5120K), 5 survivors (5120K)
 Metaspace       used 25218K, committed 25472K, reserved 1073152K
  class space    used 2534K, committed 2688K, reserved 1048576K
}
Event: 8.376 GC heap before
{Heap before GC invocations=21 (full 0):
 garbage-first heap   total 174080K, used 111220K [0x0000000082600000, 0x0000000100000000)
  region size 1024K, 34 young (34816K), 5 survivors (5120K)
 Metaspace       used 25522K, committed 25728K, reserved 1073152K
  class space    used 2570K, committed 2688K, reserved 1048576K
}
Event: 8.381 GC heap after
{Heap after GC invocations=22 (full 0):
 garbage-first heap   total 174080K, used 84579K [0x0000000082600000, 0x0000000100000000)
  region size 1024K, 3 young (3072K), 3 survivors (3072K)
 Metaspace       used 25522K, committed 25728K, reserved 1073152K
  class space    used 2570K, committed 2688K, reserved 1048576K
}
Event: 8.746 GC heap before
{Heap before GC invocations=22 (full 0):
 garbage-first heap   total 174080K, used 88675K [0x0000000082600000, 0x0000000100000000)
  region size 1024K, 8 young (8192K), 3 survivors (3072K)
 Metaspace       used 25685K, committed 25920K, reserved 1073152K
  class space    used 2582K, committed 2688K, reserved 1048576K
}
Event: 8.751 GC heap after
{Heap after GC invocations=23 (full 0):
 garbage-first heap   total 174080K, used 87147K [0x0000000082600000, 0x0000000100000000)
  region size 1024K, 1 young (1024K), 1 survivors (1024K)
 Metaspace       used 25685K, committed 25920K, reserved 1073152K
  class space    used 2582K, committed 2688K, reserved 1048576K
}
Event: 8.782 GC heap before
{Heap before GC invocations=23 (full 0):
 garbage-first heap   total 174080K, used 87147K [0x0000000082600000, 0x0000000100000000)
  region size 1024K, 2 young (2048K), 1 survivors (1024K)
 Metaspace       used 25688K, committed 25920K, reserved 1073152K
  class space    used 2582K, committed 2688K, reserved 1048576K
}
Event: 8.784 GC heap after
{Heap after GC invocations=24 (full 0):
 garbage-first heap   total 174080K, used 87450K [0x0000000082600000, 0x0000000100000000)
  region size 1024K, 2 young (2048K), 2 survivors (2048K)
 Metaspace       used 25688K, committed 25920K, reserved 1073152K
  class space    used 2582K, committed 2688K, reserved 1048576K
}
Event: 9.486 GC heap before
{Heap before GC invocations=25 (full 0):
 garbage-first heap   total 174080K, used 131482K [0x0000000082600000, 0x0000000100000000)
  region size 1024K, 42 young (43008K), 2 survivors (2048K)
 Metaspace       used 26010K, committed 26304K, reserved 1073152K
  class space    used 2612K, committed 2752K, reserved 1048576K
}
Event: 9.498 GC heap after
{Heap after GC invocations=26 (full 0):
 garbage-first heap   total 174080K, used 107332K [0x0000000082600000, 0x0000000100000000)
  region size 1024K, 6 young (6144K), 6 survivors (6144K)
 Metaspace       used 26010K, committed 26304K, reserved 1073152K
  class space    used 2612K, committed 2752K, reserved 1048576K
}
Event: 9.507 GC heap before
{Heap before GC invocations=26 (full 0):
 garbage-first heap   total 174080K, used 109380K [0x0000000082600000, 0x0000000100000000)
  region size 1024K, 8 young (8192K), 6 survivors (6144K)
 Metaspace       used 26011K, committed 26304K, reserved 1073152K
  class space    used 2612K, committed 2752K, reserved 1048576K
}

Deoptimization events (20 events):
Event: 9.041 Thread 0x00000235851139e0 DEOPT PACKING pc=0x0000023588cf8609 sp=0x0000004717dfd720
Event: 9.041 Thread 0x00000235851139e0 DEOPT UNPACKING pc=0x0000023588792b43 sp=0x0000004717dfcc90 mode 0
Event: 9.050 Thread 0x00000235851139e0 DEOPT PACKING pc=0x0000023588f2ffd8 sp=0x0000004717dfd640
Event: 9.050 Thread 0x00000235851139e0 DEOPT UNPACKING pc=0x0000023588792b43 sp=0x0000004717dfcb48 mode 0
Event: 9.339 Thread 0x00000235851139e0 Uncommon trap: trap_request=0xffffff45 fr.pc=0x0000023590246cf8 relative=0x0000000000000238
Event: 9.339 Thread 0x00000235851139e0 Uncommon trap: reason=unstable_if action=reinterpret pc=0x0000023590246cf8 method=sun.nio.fs.NativeBuffers.getNativeBufferFromCache(I)Lsun/nio/fs/NativeBuffer; @ 18 c2
Event: 9.339 Thread 0x00000235851139e0 DEOPT PACKING pc=0x0000023590246cf8 sp=0x0000004717dfd1c0
Event: 9.339 Thread 0x00000235851139e0 DEOPT UNPACKING pc=0x00000235887923a3 sp=0x0000004717dfd168 mode 2
Event: 9.340 Thread 0x00000235851139e0 Uncommon trap: trap_request=0xffffff45 fr.pc=0x00000235903d157c relative=0x000000000000023c
Event: 9.340 Thread 0x00000235851139e0 Uncommon trap: reason=unstable_if action=reinterpret pc=0x00000235903d157c method=sun.nio.fs.NativeBuffers.releaseNativeBuffer(Lsun/nio/fs/NativeBuffer;)V @ 35 c2
Event: 9.340 Thread 0x00000235851139e0 DEOPT PACKING pc=0x00000235903d157c sp=0x0000004717dfd430
Event: 9.340 Thread 0x00000235851139e0 DEOPT UNPACKING pc=0x00000235887923a3 sp=0x0000004717dfd3e8 mode 2
Event: 9.344 Thread 0x00000235851139e0 Uncommon trap: trap_request=0xffffff45 fr.pc=0x000002359036c290 relative=0x0000000000002370
Event: 9.344 Thread 0x00000235851139e0 Uncommon trap: reason=unstable_if action=reinterpret pc=0x000002359036c290 method=java.lang.String.<init>([BIILjava/nio/charset/Charset;)V @ 18 c2
Event: 9.345 Thread 0x00000235851139e0 DEOPT PACKING pc=0x000002359036c290 sp=0x0000004717dfd3c0
Event: 9.345 Thread 0x00000235851139e0 DEOPT UNPACKING pc=0x00000235887923a3 sp=0x0000004717dfd3a0 mode 2
Event: 9.371 Thread 0x00000235851139e0 Uncommon trap: trap_request=0xffffff45 fr.pc=0x00000235903960e8 relative=0x0000000000000248
Event: 9.371 Thread 0x00000235851139e0 Uncommon trap: reason=unstable_if action=reinterpret pc=0x00000235903960e8 method=java.util.HashMap$HashIterator.<init>(Ljava/util/HashMap;)V @ 45 c2
Event: 9.371 Thread 0x00000235851139e0 DEOPT PACKING pc=0x00000235903960e8 sp=0x0000004717dfd6d0
Event: 9.371 Thread 0x00000235851139e0 DEOPT UNPACKING pc=0x00000235887923a3 sp=0x0000004717dfd5c0 mode 2

Classes unloaded (0 events):
No events

Classes redefined (0 events):
No events

Internal exceptions (20 events):
Event: 3.015 Thread 0x00000235851139e0 Implicit null exception at 0x000002359032af4a to 0x000002359032b23c
Event: 4.160 Thread 0x00000235851139e0 Implicit null exception at 0x0000023590305c8f to 0x0000023590305ec0
Event: 4.161 Thread 0x00000235851139e0 Implicit null exception at 0x0000023590305533 to 0x0000023590305630
Event: 4.161 Thread 0x00000235851139e0 Implicit null exception at 0x0000023590382d6f to 0x0000023590382f30
Event: 4.161 Thread 0x00000235851139e0 Implicit null exception at 0x00000235902b3760 to 0x00000235902b37fa
Event: 5.569 Thread 0x00000235851139e0 Implicit null exception at 0x00000235903d0fad to 0x00000235903d48b8
Event: 5.570 Thread 0x00000235851139e0 Implicit null exception at 0x00000235903c78f7 to 0x00000235903cb7e4
Event: 5.570 Thread 0x00000235851139e0 Implicit null exception at 0x00000235903c51ac to 0x00000235903c51f4
Event: 5.580 Thread 0x00000235851139e0 Implicit null exception at 0x00000235903823ef to 0x00000235903825b8
Event: 5.580 Thread 0x00000235851139e0 Implicit null exception at 0x000002359027840f to 0x0000023590278489
Event: 5.895 Thread 0x00000235851139e0 Implicit null exception at 0x00000235903be1e3 to 0x00000235903bef78
Event: 6.267 Thread 0x00000235851139e0 Exception <a 'java/lang/NoSuchMethodError'{0x00000000883f6978}: 'void java.lang.invoke.DirectMethodHandle$Holder.invokeSpecial(java.lang.Object, java.lang.Object, java.lang.Object)'> (0x00000000883f6978) 
thrown [e:\jenkins\tmp\workspace\build\src\src\hotspot\share\interpreter\linkResolver.cpp, line 766]
Event: 6.546 Thread 0x00000235851139e0 Exception <a 'java/lang/NoSuchMethodError'{0x000000008a1652f0}: 'java.lang.Object java.lang.invoke.DirectMethodHandle$Holder.invokeStaticInit(java.lang.Object)'> (0x000000008a1652f0) 
thrown [e:\jenkins\tmp\workspace\build\src\src\hotspot\share\interpreter\linkResolver.cpp, line 766]
Event: 6.579 Thread 0x00000235851139e0 Exception <a 'java/lang/NoSuchMethodError'{0x000000008a00c9b8}: 'java.lang.Object java.lang.invoke.DirectMethodHandle$Holder.invokeStatic(java.lang.Object, int, java.lang.Object)'> (0x000000008a00c9b8) 
thrown [e:\jenkins\tmp\workspace\build\src\src\hotspot\share\interpreter\linkResolver.cpp, line 766]
Event: 8.360 Thread 0x00000235851139e0 Exception <a 'java/lang/NoSuchMethodError'{0x000000008c975090}: 'java.lang.Object java.lang.invoke.DirectMethodHandle$Holder.newInvokeSpecial(java.lang.Object, java.lang.Object, java.lang.Object, java.lang.Object, java.lang.Object, java.lang.Object)'> (0x000000008c975090) 
thrown [e:\jenkins\tmp\workspace\build\src\src\hotspot\share\interpreter\linkResolver.cpp, line 766]
Event: 8.362 Thread 0x00000235851139e0 Exception <a 'java/lang/NoSuchMethodError'{0x000000008c97f948}: 'int java.lang.invoke.DirectMethodHandle$Holder.invokeSpecial(java.lang.Object, java.lang.Object, java.lang.Object)'> (0x000000008c97f948) 
thrown [e:\jenkins\tmp\workspace\build\src\src\hotspot\share\interpreter\linkResolver.cpp, line 766]
Event: 8.385 Thread 0x00000235851139e0 Exception <a 'java/lang/NoSuchMethodError'{0x000000008cf1f2f8}: 'void java.lang.invoke.DirectMethodHandle$Holder.invokeSpecial(java.lang.Object, java.lang.Object, java.lang.Object, java.lang.Object, java.lang.Object)'> (0x000000008cf1f2f8) 
thrown [e:\jenkins\tmp\workspace\build\src\src\hotspot\share\interpreter\linkResolver.cpp, line 766]
Event: 8.470 Thread 0x00000235851139e0 Implicit null exception at 0x0000023590379ccf to 0x000002359037a215
Event: 9.335 Thread 0x00000235851139e0 Exception <a 'java/lang/NoSuchMethodError'{0x000000008c2d1290}: 'void java.lang.invoke.DirectMethodHandle$Holder.invokeVirtual(java.lang.Object, java.lang.Object)'> (0x000000008c2d1290) 
thrown [e:\jenkins\tmp\workspace\build\src\src\hotspot\share\interpreter\linkResolver.cpp, line 766]
Event: 9.368 Thread 0x00000235851139e0 Exception <a 'java/lang/NoSuchMethodError'{0x000000008c074bb8}: 'void java.lang.invoke.DirectMethodHandle$Holder.invokeStatic(java.lang.Object, java.lang.Object)'> (0x000000008c074bb8) 
thrown [e:\jenkins\tmp\workspace\build\src\src\hotspot\share\interpreter\linkResolver.cpp, line 766]

VM Operations (20 events):
Event: 7.961 Executing VM operation: G1CollectForAllocation done
Event: 8.068 Executing VM operation: G1Concurrent
Event: 8.072 Executing VM operation: G1Concurrent done
Event: 8.108 Executing VM operation: G1Concurrent
Event: 8.108 Executing VM operation: G1Concurrent done
Event: 8.376 Executing VM operation: G1CollectForAllocation
Event: 8.381 Executing VM operation: G1CollectForAllocation done
Event: 8.746 Executing VM operation: G1CollectForAllocation
Event: 8.751 Executing VM operation: G1CollectForAllocation done
Event: 8.782 Executing VM operation: G1TryInitiateConcMark
Event: 8.784 Executing VM operation: G1TryInitiateConcMark done
Event: 8.918 Executing VM operation: G1Concurrent
Event: 8.922 Executing VM operation: G1Concurrent done
Event: 8.960 Executing VM operation: G1Concurrent
Event: 8.960 Executing VM operation: G1Concurrent done
Event: 9.339 Executing VM operation: HandshakeAllThreads
Event: 9.339 Executing VM operation: HandshakeAllThreads done
Event: 9.486 Executing VM operation: G1CollectForAllocation
Event: 9.499 Executing VM operation: G1CollectForAllocation done
Event: 9.507 Executing VM operation: G1CollectForAllocation

Events (20 events):
Event: 9.338 loading class java/util/function/BooleanSupplier done
Event: 9.338 loading class sun/nio/fs/WindowsPath$WindowsPathWithAttributes
Event: 9.338 loading class sun/nio/fs/BasicFileAttributesHolder
Event: 9.338 loading class sun/nio/fs/BasicFileAttributesHolder done
Event: 9.338 loading class sun/nio/fs/WindowsPath$WindowsPathWithAttributes done
Event: 9.344 loading class java/nio/file/ClosedDirectoryStreamException
Event: 9.344 loading class java/nio/file/ClosedDirectoryStreamException done
Event: 9.344 loading class java/nio/file/DirectoryIteratorException
Event: 9.344 loading class java/nio/file/DirectoryIteratorException done
Event: 9.349 loading class java/util/concurrent/locks/AbstractQueuedSynchronizer$Node
Event: 9.349 loading class java/util/concurrent/locks/AbstractQueuedSynchronizer$Node done
Event: 9.368 loading class java/nio/file/Files$2
Event: 9.368 loading class java/nio/file/Files$2 done
Event: 9.370 loading class java/util/stream/ForEachOps
Event: 9.370 loading class java/util/stream/ForEachOps done
Event: 9.370 loading class java/util/stream/ForEachOps$ForEachOp$OfRef
Event: 9.370 loading class java/util/stream/ForEachOps$ForEachOp
Event: 9.370 loading class java/util/stream/ForEachOps$ForEachOp done
Event: 9.370 loading class java/util/stream/ForEachOps$ForEachOp$OfRef done
Event: 9.385 Thread 0x00000235a1933ee0 Thread added: 0x00000235a1933ee0


Dynamic libraries:
0x00007ff614d90000 - 0x00007ff614d9e000 	C:\Users\jcapitan\.p2\pool\plugins\org.eclipse.justj.openjdk.hotspot.jre.full.win32.x86_64_17.0.2.v20220201-1208\jre\bin\javaw.exe
0x00007ff97c970000 - 0x00007ff97cb65000 	C:\WINDOWS\SYSTEM32\ntdll.dll
0x00007ff97bf50000 - 0x00007ff97c00e000 	C:\WINDOWS\System32\KERNEL32.DLL
0x00007ff97a4a0000 - 0x00007ff97a768000 	C:\WINDOWS\System32\KERNELBASE.dll
0x00007ff97a770000 - 0x00007ff97a870000 	C:\WINDOWS\System32\ucrtbase.dll
0x00007ff960bc0000 - 0x00007ff960bd9000 	C:\Users\jcapitan\.p2\pool\plugins\org.eclipse.justj.openjdk.hotspot.jre.full.win32.x86_64_17.0.2.v20220201-1208\jre\bin\VCRUNTIME140.dll
0x00007ff960810000 - 0x00007ff960828000 	C:\Users\jcapitan\.p2\pool\plugins\org.eclipse.justj.openjdk.hotspot.jre.full.win32.x86_64_17.0.2.v20220201-1208\jre\bin\jli.dll
0x00007ff97a9d0000 - 0x00007ff97ab70000 	C:\WINDOWS\System32\USER32.dll
0x00007ff97a1c0000 - 0x00007ff97a1e2000 	C:\WINDOWS\System32\win32u.dll
0x00007ff97bbf0000 - 0x00007ff97bc1a000 	C:\WINDOWS\System32\GDI32.dll
0x00007ff97a2f0000 - 0x00007ff97a3fb000 	C:\WINDOWS\System32\gdi32full.dll
0x00007ff97a400000 - 0x00007ff97a49d000 	C:\WINDOWS\System32\msvcp_win.dll
0x00007ff961a10000 - 0x00007ff961caa000 	C:\WINDOWS\WinSxS\amd64_microsoft.windows.common-controls_6595b64144ccf1df_6.0.19041.1110_none_60b5254171f9507e\COMCTL32.dll
0x00007ff97c890000 - 0x00007ff97c92e000 	C:\WINDOWS\System32\msvcrt.dll
0x00007ff97bf20000 - 0x00007ff97bf50000 	C:\WINDOWS\System32\IMM32.DLL
0x00007ff963a00000 - 0x00007ff963c02000 	C:\WINDOWS\system32\tmumh\20019\AddOn\8.53.0.1128\TmUmEvt64.dll
0x00007ff97aed0000 - 0x00007ff97aed8000 	C:\WINDOWS\System32\PSAPI.DLL
0x00007ff97bb30000 - 0x00007ff97bbde000 	C:\WINDOWS\System32\ADVAPI32.dll
0x00007ff97b2c0000 - 0x00007ff97b35c000 	C:\WINDOWS\System32\sechost.dll
0x00007ff97b3c0000 - 0x00007ff97b4e5000 	C:\WINDOWS\System32\RPCRT4.dll
0x000000006f560000 - 0x000000006f6d0000 	C:\WINDOWS\system32\tmumh\20019\TmMon\2.8.0.1054\tmmon64.dll
0x00007ff953b40000 - 0x00007ff953e6e000 	C:\WINDOWS\System32\TmLWE\TmUmSnsr64\1.0.0.1094\TmUmSnsr64.dll
0x00007ff978830000 - 0x00007ff978842000 	C:\WINDOWS\SYSTEM32\kernel.appcore.dll
0x00007ff96dbd0000 - 0x00007ff96dbdc000 	C:\Users\jcapitan\.p2\pool\plugins\org.eclipse.justj.openjdk.hotspot.jre.full.win32.x86_64_17.0.2.v20220201-1208\jre\bin\vcruntime140_1.dll
0x00007ff92fdb0000 - 0x00007ff92fe41000 	C:\Users\jcapitan\.p2\pool\plugins\org.eclipse.justj.openjdk.hotspot.jre.full.win32.x86_64_17.0.2.v20220201-1208\jre\bin\msvcp140.dll
0x00007ff8fecb0000 - 0x00007ff8ff8f7000 	C:\Users\jcapitan\.p2\pool\plugins\org.eclipse.justj.openjdk.hotspot.jre.full.win32.x86_64_17.0.2.v20220201-1208\jre\bin\server\jvm.dll
0x00007ff961400000 - 0x00007ff961409000 	C:\WINDOWS\SYSTEM32\WSOCK32.dll
0x00007ff97beb0000 - 0x00007ff97bf1b000 	C:\WINDOWS\System32\WS2_32.dll
0x00007ff960100000 - 0x00007ff960127000 	C:\WINDOWS\SYSTEM32\WINMM.dll
0x00007ff96e960000 - 0x00007ff96e96a000 	C:\WINDOWS\SYSTEM32\VERSION.dll
0x00007ff96df70000 - 0x00007ff96df7a000 	C:\Users\jcapitan\.p2\pool\plugins\org.eclipse.justj.openjdk.hotspot.jre.full.win32.x86_64_17.0.2.v20220201-1208\jre\bin\jimage.dll
0x00007ff977db0000 - 0x00007ff977f94000 	C:\WINDOWS\SYSTEM32\DBGHELP.DLL
0x00007ff95ff20000 - 0x00007ff95ff4c000 	C:\WINDOWS\SYSTEM32\dbgcore.DLL
0x00007ff97a090000 - 0x00007ff97a112000 	C:\WINDOWS\System32\bcryptPrimitives.dll
0x00007ff939d60000 - 0x00007ff939d85000 	C:\Users\jcapitan\.p2\pool\plugins\org.eclipse.justj.openjdk.hotspot.jre.full.win32.x86_64_17.0.2.v20220201-1208\jre\bin\java.dll
0x00007ff964a70000 - 0x00007ff964a88000 	C:\Users\jcapitan\.p2\pool\plugins\org.eclipse.justj.openjdk.hotspot.jre.full.win32.x86_64_17.0.2.v20220201-1208\jre\bin\zip.dll
0x00007ff97c010000 - 0x00007ff97c754000 	C:\WINDOWS\System32\SHELL32.dll
0x00007ff977fa0000 - 0x00007ff978734000 	C:\WINDOWS\SYSTEM32\windows.storage.dll
0x00007ff97ab70000 - 0x00007ff97aec4000 	C:\WINDOWS\System32\combase.dll
0x00007ff979b00000 - 0x00007ff979b2c000 	C:\WINDOWS\SYSTEM32\Wldp.dll
0x00007ff97b960000 - 0x00007ff97ba0d000 	C:\WINDOWS\System32\SHCORE.dll
0x00007ff97b250000 - 0x00007ff97b2a5000 	C:\WINDOWS\System32\shlwapi.dll
0x00007ff979fd0000 - 0x00007ff979fef000 	C:\WINDOWS\SYSTEM32\profapi.dll
0x00007ff9637b0000 - 0x00007ff9637c9000 	C:\Users\jcapitan\.p2\pool\plugins\org.eclipse.justj.openjdk.hotspot.jre.full.win32.x86_64_17.0.2.v20220201-1208\jre\bin\net.dll
0x00007ff9790f0000 - 0x00007ff9791fa000 	C:\WINDOWS\SYSTEM32\WINHTTP.dll
0x00007ff979860000 - 0x00007ff9798ca000 	C:\WINDOWS\system32\mswsock.dll
0x00007ff963300000 - 0x00007ff963315000 	C:\Users\jcapitan\.p2\pool\plugins\org.eclipse.justj.openjdk.hotspot.jre.full.win32.x86_64_17.0.2.v20220201-1208\jre\bin\nio.dll
0x0000000069ac0000 - 0x0000000069ae4000 	C:\Users\jcapitan\AppData\Local\Temp\jansi-2.4.0-4c075f35766dc8b6-jansi.dll
0x00007ff96d9d0000 - 0x00007ff96d9e0000 	C:\Users\jcapitan\.p2\pool\plugins\org.eclipse.justj.openjdk.hotspot.jre.full.win32.x86_64_17.0.2.v20220201-1208\jre\bin\verify.dll

dbghelp: loaded successfully - version: 4.0.5 - missing functions: none
symbol engine: initialized successfully - sym options: 0x614 - pdb path: .;C:\Users\jcapitan\.p2\pool\plugins\org.eclipse.justj.openjdk.hotspot.jre.full.win32.x86_64_17.0.2.v20220201-1208\jre\bin;C:\WINDOWS\SYSTEM32;C:\WINDOWS\WinSxS\amd64_microsoft.windows.common-controls_6595b64144ccf1df_6.0.19041.1110_none_60b5254171f9507e;C:\WINDOWS\system32\tmumh\20019\AddOn\8.53.0.1128;C:\WINDOWS\system32\tmumh\20019\TmMon\2.8.0.1054;C:\WINDOWS\System32\TmLWE\TmUmSnsr64\1.0.0.1094;C:\Users\jcapitan\.p2\pool\plugins\org.eclipse.justj.openjdk.hotspot.jre.full.win32.x86_64_17.0.2.v20220201-1208\jre\bin\server;C:\Users\jcapitan\AppData\Local\Temp

VM Arguments:
jvm_args: -Dmaven.home=EMBEDDED -Dclassworlds.conf=C:\Users\jcapitan\eclipse-workspace\.metadata\.plugins\org.eclipse.m2e.launching\launches\m2conf12616619566539018022.tmp -Dm2e.workspace.state=C:\Users\jcapitan\eclipse-workspace\.metadata\.plugins\org.eclipse.m2e.core\workspacestate.properties -Dmaven.multiModuleProjectDirectory=C:\Users\jcapitan\eclipse-workspace\ivn-back -Dfile.encoding=Cp1252 -XX:+ShowCodeDetailsInExceptionMessages 
java_command: org.codehaus.plexus.classworlds.launcher.Launcher -Ddebug=53448 -B compile quarkus:dev
java_class_path (initial): C:\Users\jcapitan\.p2\pool\plugins\org.eclipse.m2e.maven.runtime_1.18.3.20220227-1319\jars\plexus-classworlds-2.6.0.jar
Launcher Type: SUN_STANDARD

[Global flags]
     intx CICompilerCount                          = 4                                         {product} {ergonomic}
     uint ConcGCThreads                            = 2                                         {product} {ergonomic}
     uint G1ConcRefinementThreads                  = 8                                         {product} {ergonomic}
   size_t G1HeapRegionSize                         = 1048576                                   {product} {ergonomic}
    uintx GCDrainStackTargetSize                   = 64                                        {product} {ergonomic}
   size_t InitialHeapSize                          = 132120576                                 {product} {ergonomic}
   size_t MarkStackSize                            = 4194304                                   {product} {ergonomic}
   size_t MaxHeapSize                              = 2107637760                                {product} {ergonomic}
   size_t MaxNewSize                               = 1264582656                                {product} {ergonomic}
   size_t MinHeapDeltaBytes                        = 1048576                                   {product} {ergonomic}
   size_t MinHeapSize                              = 8388608                                   {product} {ergonomic}
    uintx NonNMethodCodeHeapSize                   = 5839372                                {pd product} {ergonomic}
    uintx NonProfiledCodeHeapSize                  = 122909434                              {pd product} {ergonomic}
    uintx ProfiledCodeHeapSize                     = 122909434                              {pd product} {ergonomic}
    uintx ReservedCodeCacheSize                    = 251658240                              {pd product} {ergonomic}
     bool SegmentedCodeCache                       = true                                      {product} {ergonomic}
     bool ShowCodeDetailsInExceptionMessages       = true                                   {manageable} {command line}
   size_t SoftMaxHeapSize                          = 2107637760                             {manageable} {ergonomic}
     bool UseCompressedClassPointers               = true                           {product lp64_product} {ergonomic}
     bool UseCompressedOops                        = true                           {product lp64_product} {ergonomic}
     bool UseG1GC                                  = true                                      {product} {ergonomic}
     bool UseLargePagesIndividualAllocation        = false                                  {pd product} {ergonomic}

Logging:
Log output configuration:
 #0: stdout all=warning uptime,level,tags
 #1: stderr all=off uptime,level,tags

Environment Variables:
JAVA_HOME=C:\Program Files\Eclipse Adoptium\jdk-11.0.14.101-hotspot\
PATH=C:/Users/jcapitan/.p2/pool/plugins/org.eclipse.justj.openjdk.hotspot.jre.full.win32.x86_64_17.0.2.v20220201-1208/jre/bin/server;C:/Users/jcapitan/.p2/pool/plugins/org.eclipse.justj.openjdk.hotspot.jre.full.win32.x86_64_17.0.2.v20220201-1208/jre/bin;C:\Program Files\Eclipse Adoptium\jdk-11.0.14.101-hotspot\bin;C:\WINDOWS\system32;C:\WINDOWS;C:\WINDOWS\System32\Wbem;C:\WINDOWS\System32\WindowsPowerShell\v1.0\;C:\WINDOWS\System32\OpenSSH\;C:\Users\jcapitan\AppData\Roaming\nvm;C:\Program Files\nodejs;C:\Program Files\Git\cmd;C:\Program Files\TortoiseSVN\bin;C:\Program Files\PuTTY\;C:\Users\jcapitan\AppData\Local\Microsoft\WindowsApps;C:\Users\jcapitan\AppData\Roaming\nvm;C:\Program Files\nodejs;C:\Users\jcapitan\AppData\Local\Programs\Microsoft VS Code\bin;C:\Users\jcapitan\Desktop;
USERNAME=jcapitan
OS=Windows_NT
PROCESSOR_IDENTIFIER=Intel64 Family 6 Model 142 Stepping 10, GenuineIntel



---------------  S Y S T E M  ---------------

OS:
 Windows 10 , 64 bit Build 19041 (10.0.19041.1645)
OS uptime: 4 days 4:16 hours

CPU: total 8 (initial active 8) (4 cores per cpu, 2 threads per core) family 6 model 142 stepping 10 microcode 0xec, cx8, cmov, fxsr, ht, mmx, 3dnowpref, sse, sse2, sse3, ssse3, sse4.1, sse4.2, popcnt, lzcnt, tsc, tscinvbit, avx, avx2, aes, erms, clmul, bmi1, bmi2, rtm, adx, fma, vzeroupper, clflush, clflushopt

Memory: 4k page, system-wide physical 8035M (453M free)
TotalPageFile size 32611M (AvailPageFile size 156M)
current process WorkingSet (physical memory assigned to process): 301M, peak: 304M
current process commit charge ("private bytes"): 337M, peak: 555M

vm_info: OpenJDK 64-Bit Server VM (17.0.2+8) for windows-amd64 JRE (17.0.2+8), built on Jan 20 2022 04:52:34 by "" with MS VC++ 16.7 (VS2019)

END.
